15:20:25:592  INFO 18020 --- [main] com.hmall.gateway.GatewayApplication     : No active profile set, falling back to 1 default profile: "default"
15:20:25:956  INFO 18020 --- [main] o.s.cloud.context.scope.GenericScope     : BeanFactory id=bae574d5-d4e8-3950-b00e-a7d3c3a155d1
15:20:25:984  INFO 18020 --- [main] trationDelegate$BeanPostProcessorChecker : Bean 'org.springframework.cloud.client.loadbalancer.reactive.LoadBalancerBeanPostProcessorAutoConfiguration' of type [org.springframework.cloud.client.loadbalancer.reactive.LoadBalancerBeanPostProcessorAutoConfiguration] is not eligible for getting processed by all BeanPostProcessors (for example: not eligible for auto-proxying)
15:20:25:984  INFO 18020 --- [main] trationDelegate$BeanPostProcessorChecker : Bean 'org.springframework.cloud.client.loadbalancer.reactive.LoadBalancerBeanPostProcessorAutoConfiguration$ReactorDeferringLoadBalancerFilterConfig' of type [org.springframework.cloud.client.loadbalancer.reactive.LoadBalancerBeanPostProcessorAutoConfiguration$ReactorDeferringLoadBalancerFilterConfig] is not eligible for getting processed by all BeanPostProcessors (for example: not eligible for auto-proxying)
15:20:25:986  INFO 18020 --- [main] trationDelegate$BeanPostProcessorChecker : Bean 'reactorDeferringLoadBalancerExchangeFilterFunction' of type [org.springframework.cloud.client.loadbalancer.reactive.DeferringLoadBalancerExchangeFilterFunction] is not eligible for getting processed by all BeanPostProcessors (for example: not eligible for auto-proxying)
15:20:26:497 DEBUG 18020 --- [main] c.h.gateway.route.DynamicRouteLoader     : 监听到路由配置变更，[
    {
        "id": "item",
        "predicates": [{
            "name": "Path",
            "args": {"_genkey_0":"/items/**", "_genkey_1":"/search/**"}
        }],
        "filters": [],
        "uri": "lb://item-service"
    },
    {
        "id": "cart",
        "predicates": [{
            "name": "Path",
            "args": {"_genkey_0":"/carts/**"}
        }],
        "filters": [],
        "uri": "lb://cart-service"
    },
    {
        "id": "user",
        "predicates": [{
            "name": "Path",
            "args": {"_genkey_0":"/users/**", "_genkey_1":"/addresses/**"}
        }],
        "filters": [],
        "uri": "lb://user-service"
    },
    {
        "id": "trade",
        "predicates": [{
            "name": "Path",
            "args": {"_genkey_0":"/orders/**"}
        }],
        "filters": [],
        "uri": "lb://trade-service"
    },
    {
        "id": "pay",
        "predicates": [{
            "name": "Path",
            "args": {"_genkey_0":"/pay-orders/**"}
        }],
        "filters": [],
        "uri": "lb://pay-service"
    }
]
15:20:27:061  INFO 18020 --- [main] o.s.c.g.r.RouteDefinitionRouteLocator    : Loaded RoutePredicateFactory [After]
15:20:27:061  INFO 18020 --- [main] o.s.c.g.r.RouteDefinitionRouteLocator    : Loaded RoutePredicateFactory [Before]
15:20:27:062  INFO 18020 --- [main] o.s.c.g.r.RouteDefinitionRouteLocator    : Loaded RoutePredicateFactory [Between]
15:20:27:062  INFO 18020 --- [main] o.s.c.g.r.RouteDefinitionRouteLocator    : Loaded RoutePredicateFactory [Cookie]
15:20:27:062  INFO 18020 --- [main] o.s.c.g.r.RouteDefinitionRouteLocator    : Loaded RoutePredicateFactory [Header]
15:20:27:062  INFO 18020 --- [main] o.s.c.g.r.RouteDefinitionRouteLocator    : Loaded RoutePredicateFactory [Host]
15:20:27:062  INFO 18020 --- [main] o.s.c.g.r.RouteDefinitionRouteLocator    : Loaded RoutePredicateFactory [Method]
15:20:27:062  INFO 18020 --- [main] o.s.c.g.r.RouteDefinitionRouteLocator    : Loaded RoutePredicateFactory [Path]
15:20:27:062  INFO 18020 --- [main] o.s.c.g.r.RouteDefinitionRouteLocator    : Loaded RoutePredicateFactory [Query]
15:20:27:062  INFO 18020 --- [main] o.s.c.g.r.RouteDefinitionRouteLocator    : Loaded RoutePredicateFactory [ReadBody]
15:20:27:062  INFO 18020 --- [main] o.s.c.g.r.RouteDefinitionRouteLocator    : Loaded RoutePredicateFactory [RemoteAddr]
15:20:27:062  INFO 18020 --- [main] o.s.c.g.r.RouteDefinitionRouteLocator    : Loaded RoutePredicateFactory [XForwardedRemoteAddr]
15:20:27:062  INFO 18020 --- [main] o.s.c.g.r.RouteDefinitionRouteLocator    : Loaded RoutePredicateFactory [Weight]
15:20:27:062  INFO 18020 --- [main] o.s.c.g.r.RouteDefinitionRouteLocator    : Loaded RoutePredicateFactory [CloudFoundryRouteService]
15:20:27:382  INFO 18020 --- [main] com.alibaba.nacos.common.remote.client   : [RpcClientFactory] create a new rpc client of 1f29f193-6f95-49eb-a51d-9d5d7c5cec91
15:20:27:382  INFO 18020 --- [main] com.alibaba.nacos.common.remote.client   : [1f29f193-6f95-49eb-a51d-9d5d7c5cec91] RpcClient init label, labels = {module=naming, source=sdk}
15:20:27:383  INFO 18020 --- [main] com.alibaba.nacos.common.remote.client   : [1f29f193-6f95-49eb-a51d-9d5d7c5cec91] RpcClient init, ServerListFactory = com.alibaba.nacos.client.naming.core.ServerListManager
15:20:27:383  INFO 18020 --- [main] com.alibaba.nacos.common.remote.client   : [1f29f193-6f95-49eb-a51d-9d5d7c5cec91] Registry connection listener to current client:com.alibaba.nacos.client.naming.remote.gprc.redo.NamingGrpcRedoService
15:20:27:383  INFO 18020 --- [main] com.alibaba.nacos.common.remote.client   : [1f29f193-6f95-49eb-a51d-9d5d7c5cec91] Register server push request handler:com.alibaba.nacos.client.naming.remote.gprc.NamingPushRequestHandler
15:20:27:384  INFO 18020 --- [main] com.alibaba.nacos.common.remote.client   : [1f29f193-6f95-49eb-a51d-9d5d7c5cec91] Try to connect to server on start up, server: {serverIp = '43.142.106.101', server main port = 8848}
15:20:27:544  INFO 18020 --- [main] com.alibaba.nacos.common.remote.client   : [1f29f193-6f95-49eb-a51d-9d5d7c5cec91] Success to connect to server [43.142.106.101:8848] on start up, connectionId = 1709018425531_115.214.65.195_16752
15:20:27:544  INFO 18020 --- [com.alibaba.nacos.client.remote.worker] com.alibaba.nacos.common.remote.client   : [1f29f193-6f95-49eb-a51d-9d5d7c5cec91] Notify connected event to listeners.
15:20:27:544  INFO 18020 --- [main] com.alibaba.nacos.common.remote.client   : [1f29f193-6f95-49eb-a51d-9d5d7c5cec91] Register server push request handler:com.alibaba.nacos.common.remote.client.RpcClient$ConnectResetRequestHandler
15:20:27:545  INFO 18020 --- [main] com.alibaba.nacos.common.remote.client   : [1f29f193-6f95-49eb-a51d-9d5d7c5cec91] Register server push request handler:com.alibaba.nacos.common.remote.client.RpcClient$$Lambda$342/688988404
15:20:27:779  INFO 18020 --- [main] o.s.b.web.embedded.netty.NettyWebServer  : Netty started on port 8080
15:20:28:172  INFO 18020 --- [nacos-grpc-client-executor-5] com.alibaba.nacos.common.remote.client   : [1f29f193-6f95-49eb-a51d-9d5d7c5cec91] Receive server push request, request = NotifySubscriberRequest, requestId = 520
15:20:28:173  INFO 18020 --- [main] c.a.c.n.registry.NacosServiceRegistry    : nacos registry, DEFAULT_GROUP gateway 192.168.3.5:8080 register finished
15:20:28:175  INFO 18020 --- [nacos-grpc-client-executor-5] com.alibaba.nacos.common.remote.client   : [1f29f193-6f95-49eb-a51d-9d5d7c5cec91] Ack server push request, request = NotifySubscriberRequest, requestId = 520
15:20:28:185  INFO 18020 --- [main] com.hmall.gateway.GatewayApplication     : Started GatewayApplication in 4.613 seconds (JVM running for 5.045)
15:20:28:187  INFO 18020 --- [main] c.a.c.n.refresh.NacosContextRefresher    : [Nacos Config] Listening config: dataId=gateway.yaml, group=DEFAULT_GROUP
15:20:28:187  INFO 18020 --- [main] c.a.c.n.refresh.NacosContextRefresher    : [Nacos Config] Listening config: dataId=gateway, group=DEFAULT_GROUP
15:20:28:743  INFO 18020 --- [nacos-grpc-client-executor-9] com.alibaba.nacos.common.remote.client   : [1f29f193-6f95-49eb-a51d-9d5d7c5cec91] Receive server push request, request = NotifySubscriberRequest, requestId = 521
15:20:28:745  INFO 18020 --- [nacos-grpc-client-executor-9] com.alibaba.nacos.common.remote.client   : [1f29f193-6f95-49eb-a51d-9d5d7c5cec91] Ack server push request, request = NotifySubscriberRequest, requestId = 521
15:21:02:915  INFO 18020 --- [nacos-grpc-client-executor-19] com.alibaba.nacos.common.remote.client   : [1f29f193-6f95-49eb-a51d-9d5d7c5cec91] Receive server push request, request = NotifySubscriberRequest, requestId = 522
15:21:02:916  INFO 18020 --- [nacos-grpc-client-executor-19] com.alibaba.nacos.common.remote.client   : [1f29f193-6f95-49eb-a51d-9d5d7c5cec91] Ack server push request, request = NotifySubscriberRequest, requestId = 522
15:21:05:178  INFO 18020 --- [nacos-grpc-client-executor-22] com.alibaba.nacos.common.remote.client   : [1f29f193-6f95-49eb-a51d-9d5d7c5cec91] Receive server push request, request = NotifySubscriberRequest, requestId = 523
15:21:05:181  INFO 18020 --- [nacos-grpc-client-executor-22] com.alibaba.nacos.common.remote.client   : [1f29f193-6f95-49eb-a51d-9d5d7c5cec91] Ack server push request, request = NotifySubscriberRequest, requestId = 523
15:21:24:109  INFO 18020 --- [nacos-grpc-client-executor-30] com.alibaba.nacos.common.remote.client   : [1f29f193-6f95-49eb-a51d-9d5d7c5cec91] Receive server push request, request = NotifySubscriberRequest, requestId = 524
15:21:24:109  INFO 18020 --- [nacos-grpc-client-executor-30] com.alibaba.nacos.common.remote.client   : [1f29f193-6f95-49eb-a51d-9d5d7c5cec91] Ack server push request, request = NotifySubscriberRequest, requestId = 524
15:21:32:657  INFO 18020 --- [nacos-grpc-client-executor-35] com.alibaba.nacos.common.remote.client   : [1f29f193-6f95-49eb-a51d-9d5d7c5cec91] Receive server push request, request = NotifySubscriberRequest, requestId = 526
15:21:32:659  INFO 18020 --- [nacos-grpc-client-executor-35] com.alibaba.nacos.common.remote.client   : [1f29f193-6f95-49eb-a51d-9d5d7c5cec91] Ack server push request, request = NotifySubscriberRequest, requestId = 526
15:21:47:009  INFO 18020 --- [nacos-grpc-client-executor-40] com.alibaba.nacos.common.remote.client   : [1f29f193-6f95-49eb-a51d-9d5d7c5cec91] Receive server push request, request = NotifySubscriberRequest, requestId = 529
15:21:47:009  INFO 18020 --- [nacos-grpc-client-executor-40] com.alibaba.nacos.common.remote.client   : [1f29f193-6f95-49eb-a51d-9d5d7c5cec91] Ack server push request, request = NotifySubscriberRequest, requestId = 529
15:29:37:803  INFO 15828 --- [main] com.hmall.gateway.GatewayApplication     : No active profile set, falling back to 1 default profile: "default"
15:29:38:135  INFO 15828 --- [main] o.s.cloud.context.scope.GenericScope     : BeanFactory id=bae574d5-d4e8-3950-b00e-a7d3c3a155d1
15:29:38:175  INFO 15828 --- [main] trationDelegate$BeanPostProcessorChecker : Bean 'org.springframework.cloud.client.loadbalancer.reactive.LoadBalancerBeanPostProcessorAutoConfiguration' of type [org.springframework.cloud.client.loadbalancer.reactive.LoadBalancerBeanPostProcessorAutoConfiguration] is not eligible for getting processed by all BeanPostProcessors (for example: not eligible for auto-proxying)
15:29:38:176  INFO 15828 --- [main] trationDelegate$BeanPostProcessorChecker : Bean 'org.springframework.cloud.client.loadbalancer.reactive.LoadBalancerBeanPostProcessorAutoConfiguration$ReactorDeferringLoadBalancerFilterConfig' of type [org.springframework.cloud.client.loadbalancer.reactive.LoadBalancerBeanPostProcessorAutoConfiguration$ReactorDeferringLoadBalancerFilterConfig] is not eligible for getting processed by all BeanPostProcessors (for example: not eligible for auto-proxying)
15:29:38:178  INFO 15828 --- [main] trationDelegate$BeanPostProcessorChecker : Bean 'reactorDeferringLoadBalancerExchangeFilterFunction' of type [org.springframework.cloud.client.loadbalancer.reactive.DeferringLoadBalancerExchangeFilterFunction] is not eligible for getting processed by all BeanPostProcessors (for example: not eligible for auto-proxying)
15:29:38:892 DEBUG 15828 --- [main] c.h.gateway.route.DynamicRouteLoader     : 监听到路由配置变更，[
    {
        "id": "item",
        "predicates": [{
            "name": "Path",
            "args": {"_genkey_0":"/items/**", "_genkey_1":"/search/**"}
        }],
        "filters": [],
        "uri": "lb://item-service"
    },
    {
        "id": "cart",
        "predicates": [{
            "name": "Path",
            "args": {"_genkey_0":"/carts/**"}
        }],
        "filters": [],
        "uri": "lb://cart-service"
    },
    {
        "id": "user",
        "predicates": [{
            "name": "Path",
            "args": {"_genkey_0":"/users/**", "_genkey_1":"/addresses/**"}
        }],
        "filters": [],
        "uri": "lb://user-service"
    },
    {
        "id": "trade",
        "predicates": [{
            "name": "Path",
            "args": {"_genkey_0":"/orders/**"}
        }],
        "filters": [],
        "uri": "lb://trade-service"
    },
    {
        "id": "pay",
        "predicates": [{
            "name": "Path",
            "args": {"_genkey_0":"/pay-orders/**"}
        }],
        "filters": [],
        "uri": "lb://pay-service"
    }
]
15:29:39:485  INFO 15828 --- [main] o.s.c.g.r.RouteDefinitionRouteLocator    : Loaded RoutePredicateFactory [After]
15:29:39:485  INFO 15828 --- [main] o.s.c.g.r.RouteDefinitionRouteLocator    : Loaded RoutePredicateFactory [Before]
15:29:39:485  INFO 15828 --- [main] o.s.c.g.r.RouteDefinitionRouteLocator    : Loaded RoutePredicateFactory [Between]
15:29:39:485  INFO 15828 --- [main] o.s.c.g.r.RouteDefinitionRouteLocator    : Loaded RoutePredicateFactory [Cookie]
15:29:39:485  INFO 15828 --- [main] o.s.c.g.r.RouteDefinitionRouteLocator    : Loaded RoutePredicateFactory [Header]
15:29:39:485  INFO 15828 --- [main] o.s.c.g.r.RouteDefinitionRouteLocator    : Loaded RoutePredicateFactory [Host]
15:29:39:486  INFO 15828 --- [main] o.s.c.g.r.RouteDefinitionRouteLocator    : Loaded RoutePredicateFactory [Method]
15:29:39:486  INFO 15828 --- [main] o.s.c.g.r.RouteDefinitionRouteLocator    : Loaded RoutePredicateFactory [Path]
15:29:39:486  INFO 15828 --- [main] o.s.c.g.r.RouteDefinitionRouteLocator    : Loaded RoutePredicateFactory [Query]
15:29:39:486  INFO 15828 --- [main] o.s.c.g.r.RouteDefinitionRouteLocator    : Loaded RoutePredicateFactory [ReadBody]
15:29:39:486  INFO 15828 --- [main] o.s.c.g.r.RouteDefinitionRouteLocator    : Loaded RoutePredicateFactory [RemoteAddr]
15:29:39:486  INFO 15828 --- [main] o.s.c.g.r.RouteDefinitionRouteLocator    : Loaded RoutePredicateFactory [XForwardedRemoteAddr]
15:29:39:486  INFO 15828 --- [main] o.s.c.g.r.RouteDefinitionRouteLocator    : Loaded RoutePredicateFactory [Weight]
15:29:39:486  INFO 15828 --- [main] o.s.c.g.r.RouteDefinitionRouteLocator    : Loaded RoutePredicateFactory [CloudFoundryRouteService]
15:29:39:832  INFO 15828 --- [main] com.alibaba.nacos.common.remote.client   : [RpcClientFactory] create a new rpc client of ef1b6cea-a02b-4872-b081-58c0faa90388
15:29:39:832  INFO 15828 --- [main] com.alibaba.nacos.common.remote.client   : [ef1b6cea-a02b-4872-b081-58c0faa90388] RpcClient init label, labels = {module=naming, source=sdk}
15:29:39:833  INFO 15828 --- [main] com.alibaba.nacos.common.remote.client   : [ef1b6cea-a02b-4872-b081-58c0faa90388] RpcClient init, ServerListFactory = com.alibaba.nacos.client.naming.core.ServerListManager
15:29:39:833  INFO 15828 --- [main] com.alibaba.nacos.common.remote.client   : [ef1b6cea-a02b-4872-b081-58c0faa90388] Registry connection listener to current client:com.alibaba.nacos.client.naming.remote.gprc.redo.NamingGrpcRedoService
15:29:39:834  INFO 15828 --- [main] com.alibaba.nacos.common.remote.client   : [ef1b6cea-a02b-4872-b081-58c0faa90388] Register server push request handler:com.alibaba.nacos.client.naming.remote.gprc.NamingPushRequestHandler
15:29:39:834  INFO 15828 --- [main] com.alibaba.nacos.common.remote.client   : [ef1b6cea-a02b-4872-b081-58c0faa90388] Try to connect to server on start up, server: {serverIp = '43.142.106.101', server main port = 8848}
15:29:40:011  INFO 15828 --- [main] com.alibaba.nacos.common.remote.client   : [ef1b6cea-a02b-4872-b081-58c0faa90388] Success to connect to server [43.142.106.101:8848] on start up, connectionId = 1709018977989_115.214.65.195_16173
15:29:40:011  INFO 15828 --- [main] com.alibaba.nacos.common.remote.client   : [ef1b6cea-a02b-4872-b081-58c0faa90388] Register server push request handler:com.alibaba.nacos.common.remote.client.RpcClient$ConnectResetRequestHandler
15:29:40:011  INFO 15828 --- [com.alibaba.nacos.client.remote.worker] com.alibaba.nacos.common.remote.client   : [ef1b6cea-a02b-4872-b081-58c0faa90388] Notify connected event to listeners.
15:29:40:011  INFO 15828 --- [main] com.alibaba.nacos.common.remote.client   : [ef1b6cea-a02b-4872-b081-58c0faa90388] Register server push request handler:com.alibaba.nacos.common.remote.client.RpcClient$$Lambda$342/1643299824
15:29:40:227  INFO 15828 --- [main] o.s.b.web.embedded.netty.NettyWebServer  : Netty started on port 8080
15:29:40:593  INFO 15828 --- [main] c.a.c.n.registry.NacosServiceRegistry    : nacos registry, DEFAULT_GROUP gateway 192.168.3.5:8080 register finished
15:29:40:602  INFO 15828 --- [nacos-grpc-client-executor-4] com.alibaba.nacos.common.remote.client   : [ef1b6cea-a02b-4872-b081-58c0faa90388] Receive server push request, request = NotifySubscriberRequest, requestId = 533
15:29:40:603  INFO 15828 --- [nacos-grpc-client-executor-4] com.alibaba.nacos.common.remote.client   : [ef1b6cea-a02b-4872-b081-58c0faa90388] Ack server push request, request = NotifySubscriberRequest, requestId = 533
15:29:40:608  INFO 15828 --- [main] com.hmall.gateway.GatewayApplication     : Started GatewayApplication in 4.969 seconds (JVM running for 5.422)
15:29:40:611  INFO 15828 --- [main] c.a.c.n.refresh.NacosContextRefresher    : [Nacos Config] Listening config: dataId=gateway.yaml, group=DEFAULT_GROUP
15:29:40:611  INFO 15828 --- [main] c.a.c.n.refresh.NacosContextRefresher    : [Nacos Config] Listening config: dataId=gateway, group=DEFAULT_GROUP
15:29:41:193  INFO 15828 --- [nacos-grpc-client-executor-9] com.alibaba.nacos.common.remote.client   : [ef1b6cea-a02b-4872-b081-58c0faa90388] Receive server push request, request = NotifySubscriberRequest, requestId = 534
15:29:41:194  INFO 15828 --- [nacos-grpc-client-executor-9] com.alibaba.nacos.common.remote.client   : [ef1b6cea-a02b-4872-b081-58c0faa90388] Ack server push request, request = NotifySubscriberRequest, requestId = 534
15:30:24:656  INFO 15828 --- [nacos-grpc-client-executor-19] com.alibaba.nacos.common.remote.client   : [ef1b6cea-a02b-4872-b081-58c0faa90388] Receive server push request, request = NotifySubscriberRequest, requestId = 539
15:30:24:657  INFO 15828 --- [nacos-grpc-client-executor-19] com.alibaba.nacos.common.remote.client   : [ef1b6cea-a02b-4872-b081-58c0faa90388] Ack server push request, request = NotifySubscriberRequest, requestId = 539
15:30:37:838  INFO 15828 --- [nacos-grpc-client-executor-24] com.alibaba.nacos.common.remote.client   : [ef1b6cea-a02b-4872-b081-58c0faa90388] Receive server push request, request = NotifySubscriberRequest, requestId = 540
15:30:38:008  INFO 15828 --- [nacos-grpc-client-executor-24] com.alibaba.nacos.common.remote.client   : [ef1b6cea-a02b-4872-b081-58c0faa90388] Ack server push request, request = NotifySubscriberRequest, requestId = 540
15:30:42:968  INFO 15828 --- [nacos-grpc-client-executor-28] com.alibaba.nacos.common.remote.client   : [ef1b6cea-a02b-4872-b081-58c0faa90388] Receive server push request, request = NotifySubscriberRequest, requestId = 541
15:30:42:969  INFO 15828 --- [nacos-grpc-client-executor-28] com.alibaba.nacos.common.remote.client   : [ef1b6cea-a02b-4872-b081-58c0faa90388] Ack server push request, request = NotifySubscriberRequest, requestId = 541
15:30:56:983  INFO 15828 --- [nacos-grpc-client-executor-34] com.alibaba.nacos.common.remote.client   : [ef1b6cea-a02b-4872-b081-58c0faa90388] Receive server push request, request = NotifySubscriberRequest, requestId = 543
15:30:56:984  INFO 15828 --- [nacos-grpc-client-executor-34] com.alibaba.nacos.common.remote.client   : [ef1b6cea-a02b-4872-b081-58c0faa90388] Ack server push request, request = NotifySubscriberRequest, requestId = 543
15:31:39:212  INFO 15828 --- [nacos-grpc-client-executor-47] com.alibaba.nacos.common.remote.client   : [ef1b6cea-a02b-4872-b081-58c0faa90388] Receive server push request, request = NotifySubscriberRequest, requestId = 546
15:31:39:212  INFO 15828 --- [nacos-grpc-client-executor-47] com.alibaba.nacos.common.remote.client   : [ef1b6cea-a02b-4872-b081-58c0faa90388] Ack server push request, request = NotifySubscriberRequest, requestId = 546
15:31:54:077  WARN 15828 --- [Thread-7] c.a.nacos.common.notify.NotifyCenter     : [NotifyCenter] Start destroying Publisher
15:31:54:077  WARN 15828 --- [Thread-2] c.a.n.common.http.HttpClientBeanHolder   : [HttpClientBeanHolder] Start destroying common HttpClient
15:31:54:079  WARN 15828 --- [Thread-7] c.a.nacos.common.notify.NotifyCenter     : [NotifyCenter] Destruction of the end
15:31:54:079  WARN 15828 --- [Thread-2] c.a.n.common.http.HttpClientBeanHolder   : [HttpClientBeanHolder] Destruction of the end
15:31:54:106  INFO 15828 --- [SpringApplicationShutdownHook] c.a.c.n.registry.NacosServiceRegistry    : De-registering from Nacos Server now...
15:31:54:128  INFO 15828 --- [SpringApplicationShutdownHook] c.a.c.n.registry.NacosServiceRegistry    : De-registration finished.
15:31:54:455  INFO 15828 --- [SpringApplicationShutdownHook] com.alibaba.nacos.common.remote.client   : Shutdown rpc client, set status to shutdown
15:31:54:455  INFO 15828 --- [SpringApplicationShutdownHook] com.alibaba.nacos.common.remote.client   : Shutdown client event executor java.util.concurrent.ScheduledThreadPoolExecutor@143822f4[Running, pool size = 2, active threads = 2, queued tasks = 0, completed tasks = 0]
15:31:54:455  INFO 15828 --- [SpringApplicationShutdownHook] com.alibaba.nacos.common.remote.client   : Close current connection 1709018977989_115.214.65.195_16173
15:31:54:458  INFO 15828 --- [SpringApplicationShutdownHook] c.a.n.c.remote.client.grpc.GrpcClient    : Shutdown grpc executor java.util.concurrent.ThreadPoolExecutor@7cba04c8[Running, pool size = 3, active threads = 0, queued tasks = 0, completed tasks = 54]
