15:19:36:353  INFO 11688 --- [main] com.hmall.trade.TradeApplication         : The following 1 profile is active: "dev"
15:19:36:969  INFO 11688 --- [main] o.s.cloud.context.scope.GenericScope     : BeanFactory id=b0293df6-218d-3dfc-9517-8580574f1387
15:19:37:182  INFO 11688 --- [main] o.s.b.w.embedded.tomcat.TomcatWebServer  : Tomcat initialized with port(s): 8084 (http)
15:19:37:188  INFO 11688 --- [main] o.apache.catalina.core.StandardService   : Starting service [Tomcat]
15:19:37:188  INFO 11688 --- [main] org.apache.catalina.core.StandardEngine  : Starting Servlet engine: [Apache Tomcat/9.0.75]
15:19:37:278  INFO 11688 --- [main] o.a.c.c.C.[Tomcat].[localhost].[/]       : Initializing Spring embedded WebApplicationContext
15:19:37:278  INFO 11688 --- [main] w.s.c.ServletWebServerApplicationContext : Root WebApplicationContext: initialization completed in 908 ms
15:19:37:392  INFO 11688 --- [main] o.s.c.openfeign.FeignClientFactoryBean   : For 'item-service' URL not provided. Will try picking an instance via load-balancing.
15:19:38:051  INFO 11688 --- [main] o.s.c.openfeign.FeignClientFactoryBean   : For 'cart-service' URL not provided. Will try picking an instance via load-balancing.
15:19:38:620  INFO 11688 --- [main] pertySourcedRequestMappingHandlerMapping : Mapped URL path [/v2/api-docs] onto method [springfox.documentation.swagger2.web.Swagger2ControllerWebMvc#getDocumentation(String, HttpServletRequest)]
15:19:38:921  INFO 11688 --- [main] com.alibaba.nacos.common.remote.client   : [RpcClientFactory] create a new rpc client of 7a5108d2-59ac-45d0-9a39-e40da8ec525d
15:19:38:923  INFO 11688 --- [main] com.alibaba.nacos.common.remote.client   : [7a5108d2-59ac-45d0-9a39-e40da8ec525d] RpcClient init label, labels = {module=naming, source=sdk}
15:19:38:924  INFO 11688 --- [main] com.alibaba.nacos.common.remote.client   : [7a5108d2-59ac-45d0-9a39-e40da8ec525d] RpcClient init, ServerListFactory = com.alibaba.nacos.client.naming.core.ServerListManager
15:19:38:924  INFO 11688 --- [main] com.alibaba.nacos.common.remote.client   : [7a5108d2-59ac-45d0-9a39-e40da8ec525d] Registry connection listener to current client:com.alibaba.nacos.client.naming.remote.gprc.redo.NamingGrpcRedoService
15:19:38:925  INFO 11688 --- [main] com.alibaba.nacos.common.remote.client   : [7a5108d2-59ac-45d0-9a39-e40da8ec525d] Register server push request handler:com.alibaba.nacos.client.naming.remote.gprc.NamingPushRequestHandler
15:19:38:925  INFO 11688 --- [main] com.alibaba.nacos.common.remote.client   : [7a5108d2-59ac-45d0-9a39-e40da8ec525d] Try to connect to server on start up, server: {serverIp = '43.142.106.101', server main port = 8848}
15:19:39:094  INFO 11688 --- [main] com.alibaba.nacos.common.remote.client   : [7a5108d2-59ac-45d0-9a39-e40da8ec525d] Success to connect to server [43.142.106.101:8848] on start up, connectionId = 1709018377080_115.214.65.195_16163
15:19:39:094  INFO 11688 --- [main] com.alibaba.nacos.common.remote.client   : [7a5108d2-59ac-45d0-9a39-e40da8ec525d] Register server push request handler:com.alibaba.nacos.common.remote.client.RpcClient$ConnectResetRequestHandler
15:19:39:094  INFO 11688 --- [main] com.alibaba.nacos.common.remote.client   : [7a5108d2-59ac-45d0-9a39-e40da8ec525d] Register server push request handler:com.alibaba.nacos.common.remote.client.RpcClient$$Lambda$346/1835841364
15:19:39:094  INFO 11688 --- [com.alibaba.nacos.client.remote.worker] com.alibaba.nacos.common.remote.client   : [7a5108d2-59ac-45d0-9a39-e40da8ec525d] Notify connected event to listeners.
15:19:39:154  INFO 11688 --- [main] o.s.b.w.embedded.tomcat.TomcatWebServer  : Tomcat started on port(s): 8084 (http) with context path ''
15:19:39:190  INFO 11688 --- [main] c.a.c.n.registry.NacosServiceRegistry    : nacos registry, DEFAULT_GROUP trade-service 192.168.3.5:8084 register finished
15:19:39:388  INFO 11688 --- [main] d.s.w.p.DocumentationPluginsBootstrapper : Documentation plugins bootstrapped
15:19:39:390  INFO 11688 --- [main] d.s.w.p.DocumentationPluginsBootstrapper : Found 1 custom documentation plugin(s)
15:19:39:405  INFO 11688 --- [main] s.d.s.w.s.ApiListingReferenceScanner     : Scanning for api listing references
15:19:39:470  INFO 11688 --- [main] com.hmall.trade.TradeApplication         : Started TradeApplication in 6.053 seconds (JVM running for 6.781)
15:19:39:474  INFO 11688 --- [main] c.a.c.n.refresh.NacosContextRefresher    : [Nacos Config] Listening config: dataId=trade-service, group=DEFAULT_GROUP
15:19:39:474  INFO 11688 --- [main] c.a.c.n.refresh.NacosContextRefresher    : [Nacos Config] Listening config: dataId=trade-service.yaml, group=DEFAULT_GROUP
15:19:39:474  INFO 11688 --- [main] c.a.c.n.refresh.NacosContextRefresher    : [Nacos Config] Listening config: dataId=trade-service-dev.yaml, group=DEFAULT_GROUP
15:19:39:706  INFO 11688 --- [nacos-grpc-client-executor-6] com.alibaba.nacos.common.remote.client   : [7a5108d2-59ac-45d0-9a39-e40da8ec525d] Receive server push request, request = NotifySubscriberRequest, requestId = 518
15:19:39:709  INFO 11688 --- [nacos-grpc-client-executor-6] com.alibaba.nacos.common.remote.client   : [7a5108d2-59ac-45d0-9a39-e40da8ec525d] Ack server push request, request = NotifySubscriberRequest, requestId = 518
15:21:32:124  INFO 11688 --- [http-nio-8084-exec-1] o.a.c.c.C.[Tomcat].[localhost].[/]       : Initializing Spring DispatcherServlet 'dispatcherServlet'
15:21:32:124  INFO 11688 --- [http-nio-8084-exec-1] o.s.web.servlet.DispatcherServlet        : Initializing Servlet 'dispatcherServlet'
15:21:32:127  INFO 11688 --- [http-nio-8084-exec-1] o.s.web.servlet.DispatcherServlet        : Completed initialization in 3 ms
15:21:32:461  INFO 11688 --- [http-nio-8084-exec-1] com.zaxxer.hikari.HikariDataSource       : HikariPool-1 - Starting...
15:21:33:447  INFO 11688 --- [http-nio-8084-exec-1] com.zaxxer.hikari.HikariDataSource       : HikariPool-1 - Start completed.
15:21:33:491 DEBUG 11688 --- [http-nio-8084-exec-1] com.hmall.api.client.ItemClient          : [ItemClient#queryItemByIds] ---> GET http://item-service/items?ids=40305713537 HTTP/1.1
15:21:33:491 DEBUG 11688 --- [http-nio-8084-exec-1] com.hmall.api.client.ItemClient          : [ItemClient#queryItemByIds] user-info: 1
15:21:33:491 DEBUG 11688 --- [http-nio-8084-exec-1] com.hmall.api.client.ItemClient          : [ItemClient#queryItemByIds] ---> END HTTP (0-byte body)
15:21:33:754 DEBUG 11688 --- [http-nio-8084-exec-1] com.hmall.api.client.ItemClient          : [ItemClient#queryItemByIds] <--- HTTP/1.1 200 (262ms)
15:21:33:756 DEBUG 11688 --- [http-nio-8084-exec-1] com.hmall.api.client.ItemClient          : [ItemClient#queryItemByIds] connection: keep-alive
15:21:33:756 DEBUG 11688 --- [http-nio-8084-exec-1] com.hmall.api.client.ItemClient          : [ItemClient#queryItemByIds] content-type: application/json
15:21:33:756 DEBUG 11688 --- [http-nio-8084-exec-1] com.hmall.api.client.ItemClient          : [ItemClient#queryItemByIds] date: Tue, 27 Feb 2024 07:21:33 GMT
15:21:33:756 DEBUG 11688 --- [http-nio-8084-exec-1] com.hmall.api.client.ItemClient          : [ItemClient#queryItemByIds] keep-alive: timeout=60
15:21:33:756 DEBUG 11688 --- [http-nio-8084-exec-1] com.hmall.api.client.ItemClient          : [ItemClient#queryItemByIds] transfer-encoding: chunked
15:21:33:756 DEBUG 11688 --- [http-nio-8084-exec-1] com.hmall.api.client.ItemClient          : [ItemClient#queryItemByIds] 
15:21:33:759 DEBUG 11688 --- [http-nio-8084-exec-1] com.hmall.api.client.ItemClient          : [ItemClient#queryItemByIds] [{"id":"40305713537","name":"【官方正品 品牌直营】奥古狮登小白鞋女秋季透气2018新款百搭韩版休闲鞋运动鞋女鞋厚底板鞋女 浅蓝【厚底】 41","price":35400,"stock":9996,"image":"https://m.360buyimg.com/mobilecms/s720x720_jfs/t1/14147/34/2890/275451/5c225484Ebd346404/e61513be4639ee2e.jpg!q70.jpg.webp","category":"休闲鞋","brand":"奥古狮登","spec":"{\"颜色\": \"金色\", \"尺码\": \"41\"}","sold":0,"commentCount":0,"isAD":false,"status":1}]
15:21:33:759 DEBUG 11688 --- [http-nio-8084-exec-1] com.hmall.api.client.ItemClient          : [ItemClient#queryItemByIds] <--- END HTTP (492-byte body)
15:21:33:826 DEBUG 11688 --- [http-nio-8084-exec-1] c.hmall.trade.mapper.OrderMapper.insert  : ==>  Preparing: INSERT INTO `order` ( id, total_fee, payment_type, user_id, status ) VALUES ( ?, ?, ?, ?, ? )
15:21:33:854 DEBUG 11688 --- [http-nio-8084-exec-1] c.hmall.trade.mapper.OrderMapper.insert  : ==> Parameters: 1762377415147270145(Long), 35400(Integer), 3(Integer), 1(Long), 1(Integer)
15:21:33:890 DEBUG 11688 --- [http-nio-8084-exec-1] c.hmall.trade.mapper.OrderMapper.insert  : <==    Updates: 1
15:21:33:909 DEBUG 11688 --- [http-nio-8084-exec-1] c.h.t.mapper.OrderDetailMapper.insert    : ==>  Preparing: INSERT INTO order_detail ( order_id, item_id, num, name, spec, price, image ) VALUES ( ?, ?, ?, ?, ?, ?, ? )
15:21:33:910 DEBUG 11688 --- [http-nio-8084-exec-1] c.h.t.mapper.OrderDetailMapper.insert    : ==> Parameters: 1762377415147270145(Long), 40305713537(Long), 1(Integer), 【官方正品 品牌直营】奥古狮登小白鞋女秋季透气2018新款百搭韩版休闲鞋运动鞋女鞋厚底板鞋女 浅蓝【厚底】 41(String), {"颜色": "金色", "尺码": "41"}(String), 35400(Integer), https://m.360buyimg.com/mobilecms/s720x720_jfs/t1/14147/34/2890/275451/5c225484Ebd346404/e61513be4639ee2e.jpg!q70.jpg.webp(String)
15:21:33:971 DEBUG 11688 --- [http-nio-8084-exec-1] com.hmall.api.client.CartClient          : [CartClient#deleteCartItemByIds] ---> DELETE http://cart-service/carts?ids=40305713537 HTTP/1.1
15:21:33:971 DEBUG 11688 --- [http-nio-8084-exec-1] com.hmall.api.client.CartClient          : [CartClient#deleteCartItemByIds] user-info: 1
15:21:33:971 DEBUG 11688 --- [http-nio-8084-exec-1] com.hmall.api.client.CartClient          : [CartClient#deleteCartItemByIds] ---> END HTTP (0-byte body)
15:21:34:092 DEBUG 11688 --- [http-nio-8084-exec-1] com.hmall.api.client.CartClient          : [CartClient#deleteCartItemByIds] <--- HTTP/1.1 200 (121ms)
15:21:34:092 DEBUG 11688 --- [http-nio-8084-exec-1] com.hmall.api.client.CartClient          : [CartClient#deleteCartItemByIds] connection: keep-alive
15:21:34:093 DEBUG 11688 --- [http-nio-8084-exec-1] com.hmall.api.client.CartClient          : [CartClient#deleteCartItemByIds] content-length: 0
15:21:34:093 DEBUG 11688 --- [http-nio-8084-exec-1] com.hmall.api.client.CartClient          : [CartClient#deleteCartItemByIds] date: Tue, 27 Feb 2024 07:21:34 GMT
15:21:34:093 DEBUG 11688 --- [http-nio-8084-exec-1] com.hmall.api.client.CartClient          : [CartClient#deleteCartItemByIds] keep-alive: timeout=60
15:21:34:093 DEBUG 11688 --- [http-nio-8084-exec-1] com.hmall.api.client.CartClient          : [CartClient#deleteCartItemByIds] 
15:21:34:093 DEBUG 11688 --- [http-nio-8084-exec-1] com.hmall.api.client.CartClient          : [CartClient#deleteCartItemByIds] <--- END HTTP (0-byte body)
15:21:34:112 DEBUG 11688 --- [http-nio-8084-exec-1] com.hmall.api.client.ItemClient          : [ItemClient#deductStock] ---> PUT http://item-service/items/stock/deduct HTTP/1.1
15:21:34:112 DEBUG 11688 --- [http-nio-8084-exec-1] com.hmall.api.client.ItemClient          : [ItemClient#deductStock] Content-Length: 34
15:21:34:112 DEBUG 11688 --- [http-nio-8084-exec-1] com.hmall.api.client.ItemClient          : [ItemClient#deductStock] Content-Type: application/json
15:21:34:112 DEBUG 11688 --- [http-nio-8084-exec-1] com.hmall.api.client.ItemClient          : [ItemClient#deductStock] user-info: 1
15:21:34:113 DEBUG 11688 --- [http-nio-8084-exec-1] com.hmall.api.client.ItemClient          : [ItemClient#deductStock] 
15:21:34:113 DEBUG 11688 --- [http-nio-8084-exec-1] com.hmall.api.client.ItemClient          : [ItemClient#deductStock] [{"itemId":"40305713537","num":1}]
15:21:34:113 DEBUG 11688 --- [http-nio-8084-exec-1] com.hmall.api.client.ItemClient          : [ItemClient#deductStock] ---> END HTTP (34-byte body)
15:21:34:198 DEBUG 11688 --- [http-nio-8084-exec-1] com.hmall.api.client.ItemClient          : [ItemClient#deductStock] <--- HTTP/1.1 200 (85ms)
15:21:34:199 DEBUG 11688 --- [http-nio-8084-exec-1] com.hmall.api.client.ItemClient          : [ItemClient#deductStock] connection: keep-alive
15:21:34:199 DEBUG 11688 --- [http-nio-8084-exec-1] com.hmall.api.client.ItemClient          : [ItemClient#deductStock] content-length: 0
15:21:34:199 DEBUG 11688 --- [http-nio-8084-exec-1] com.hmall.api.client.ItemClient          : [ItemClient#deductStock] date: Tue, 27 Feb 2024 07:21:33 GMT
15:21:34:199 DEBUG 11688 --- [http-nio-8084-exec-1] com.hmall.api.client.ItemClient          : [ItemClient#deductStock] keep-alive: timeout=60
15:21:34:199 DEBUG 11688 --- [http-nio-8084-exec-1] com.hmall.api.client.ItemClient          : [ItemClient#deductStock] 
15:21:34:199 DEBUG 11688 --- [http-nio-8084-exec-1] com.hmall.api.client.ItemClient          : [ItemClient#deductStock] <--- END HTTP (0-byte body)
15:21:34:203  INFO 11688 --- [nacos-grpc-client-executor-41] com.alibaba.nacos.common.remote.client   : [7a5108d2-59ac-45d0-9a39-e40da8ec525d] Receive server push request, request = NotifySubscriberRequest, requestId = 527
15:21:34:204  INFO 11688 --- [nacos-grpc-client-executor-41] com.alibaba.nacos.common.remote.client   : [7a5108d2-59ac-45d0-9a39-e40da8ec525d] Ack server push request, request = NotifySubscriberRequest, requestId = 527
15:21:34:601  INFO 11688 --- [nacos-grpc-client-executor-42] com.alibaba.nacos.common.remote.client   : [7a5108d2-59ac-45d0-9a39-e40da8ec525d] Receive server push request, request = NotifySubscriberRequest, requestId = 528
15:21:34:605  INFO 11688 --- [nacos-grpc-client-executor-42] com.alibaba.nacos.common.remote.client   : [7a5108d2-59ac-45d0-9a39-e40da8ec525d] Ack server push request, request = NotifySubscriberRequest, requestId = 528
15:21:45:915 DEBUG 11688 --- [http-nio-8084-exec-5] com.hmall.api.client.ItemClient          : [ItemClient#queryItemByIds] ---> GET http://item-service/items?ids=40305713537 HTTP/1.1
15:21:45:915 DEBUG 11688 --- [http-nio-8084-exec-5] com.hmall.api.client.ItemClient          : [ItemClient#queryItemByIds] user-info: 1
15:21:45:915 DEBUG 11688 --- [http-nio-8084-exec-5] com.hmall.api.client.ItemClient          : [ItemClient#queryItemByIds] ---> END HTTP (0-byte body)
15:21:45:997 DEBUG 11688 --- [http-nio-8084-exec-5] com.hmall.api.client.ItemClient          : [ItemClient#queryItemByIds] <--- HTTP/1.1 200 (80ms)
15:21:45:997 DEBUG 11688 --- [http-nio-8084-exec-5] com.hmall.api.client.ItemClient          : [ItemClient#queryItemByIds] connection: keep-alive
15:21:45:997 DEBUG 11688 --- [http-nio-8084-exec-5] com.hmall.api.client.ItemClient          : [ItemClient#queryItemByIds] content-type: application/json
15:21:45:997 DEBUG 11688 --- [http-nio-8084-exec-5] com.hmall.api.client.ItemClient          : [ItemClient#queryItemByIds] date: Tue, 27 Feb 2024 07:21:45 GMT
15:21:45:997 DEBUG 11688 --- [http-nio-8084-exec-5] com.hmall.api.client.ItemClient          : [ItemClient#queryItemByIds] keep-alive: timeout=60
15:21:45:997 DEBUG 11688 --- [http-nio-8084-exec-5] com.hmall.api.client.ItemClient          : [ItemClient#queryItemByIds] transfer-encoding: chunked
15:21:45:997 DEBUG 11688 --- [http-nio-8084-exec-5] com.hmall.api.client.ItemClient          : [ItemClient#queryItemByIds] 
15:21:45:997 DEBUG 11688 --- [http-nio-8084-exec-5] com.hmall.api.client.ItemClient          : [ItemClient#queryItemByIds] [{"id":"40305713537","name":"【官方正品 品牌直营】奥古狮登小白鞋女秋季透气2018新款百搭韩版休闲鞋运动鞋女鞋厚底板鞋女 浅蓝【厚底】 41","price":35400,"stock":9995,"image":"https://m.360buyimg.com/mobilecms/s720x720_jfs/t1/14147/34/2890/275451/5c225484Ebd346404/e61513be4639ee2e.jpg!q70.jpg.webp","category":"休闲鞋","brand":"奥古狮登","spec":"{\"颜色\": \"金色\", \"尺码\": \"41\"}","sold":0,"commentCount":0,"isAD":false,"status":1}]
15:21:45:997 DEBUG 11688 --- [http-nio-8084-exec-5] com.hmall.api.client.ItemClient          : [ItemClient#queryItemByIds] <--- END HTTP (492-byte body)
15:21:45:998 DEBUG 11688 --- [http-nio-8084-exec-5] c.hmall.trade.mapper.OrderMapper.insert  : ==>  Preparing: INSERT INTO `order` ( id, total_fee, payment_type, user_id, status ) VALUES ( ?, ?, ?, ?, ? )
15:21:45:998 DEBUG 11688 --- [http-nio-8084-exec-5] c.hmall.trade.mapper.OrderMapper.insert  : ==> Parameters: 1762377466221309954(Long), 35400(Integer), 3(Integer), 1(Long), 1(Integer)
15:21:46:114 DEBUG 11688 --- [http-nio-8084-exec-5] c.hmall.trade.mapper.OrderMapper.insert  : <==    Updates: 1
15:21:46:116 DEBUG 11688 --- [http-nio-8084-exec-5] c.h.t.mapper.OrderDetailMapper.insert    : ==>  Preparing: INSERT INTO order_detail ( order_id, item_id, num, name, spec, price, image ) VALUES ( ?, ?, ?, ?, ?, ?, ? )
15:21:46:116 DEBUG 11688 --- [http-nio-8084-exec-5] c.h.t.mapper.OrderDetailMapper.insert    : ==> Parameters: 1762377466221309954(Long), 40305713537(Long), 1(Integer), 【官方正品 品牌直营】奥古狮登小白鞋女秋季透气2018新款百搭韩版休闲鞋运动鞋女鞋厚底板鞋女 浅蓝【厚底】 41(String), {"颜色": "金色", "尺码": "41"}(String), 35400(Integer), https://m.360buyimg.com/mobilecms/s720x720_jfs/t1/14147/34/2890/275451/5c225484Ebd346404/e61513be4639ee2e.jpg!q70.jpg.webp(String)
15:21:46:153 DEBUG 11688 --- [http-nio-8084-exec-5] com.hmall.api.client.CartClient          : [CartClient#deleteCartItemByIds] ---> DELETE http://cart-service/carts?ids=40305713537 HTTP/1.1
15:21:46:153 DEBUG 11688 --- [http-nio-8084-exec-5] com.hmall.api.client.CartClient          : [CartClient#deleteCartItemByIds] user-info: 1
15:21:46:153 DEBUG 11688 --- [http-nio-8084-exec-5] com.hmall.api.client.CartClient          : [CartClient#deleteCartItemByIds] ---> END HTTP (0-byte body)
15:21:46:210 DEBUG 11688 --- [http-nio-8084-exec-5] com.hmall.api.client.CartClient          : [CartClient#deleteCartItemByIds] <--- HTTP/1.1 200 (56ms)
15:21:46:210 DEBUG 11688 --- [http-nio-8084-exec-5] com.hmall.api.client.CartClient          : [CartClient#deleteCartItemByIds] connection: keep-alive
15:21:46:210 DEBUG 11688 --- [http-nio-8084-exec-5] com.hmall.api.client.CartClient          : [CartClient#deleteCartItemByIds] content-length: 0
15:21:46:210 DEBUG 11688 --- [http-nio-8084-exec-5] com.hmall.api.client.CartClient          : [CartClient#deleteCartItemByIds] date: Tue, 27 Feb 2024 07:21:46 GMT
15:21:46:210 DEBUG 11688 --- [http-nio-8084-exec-5] com.hmall.api.client.CartClient          : [CartClient#deleteCartItemByIds] keep-alive: timeout=60
15:21:46:210 DEBUG 11688 --- [http-nio-8084-exec-5] com.hmall.api.client.CartClient          : [CartClient#deleteCartItemByIds] 
15:21:46:210 DEBUG 11688 --- [http-nio-8084-exec-5] com.hmall.api.client.CartClient          : [CartClient#deleteCartItemByIds] <--- END HTTP (0-byte body)
15:21:46:211 DEBUG 11688 --- [http-nio-8084-exec-5] com.hmall.api.client.ItemClient          : [ItemClient#deductStock] ---> PUT http://item-service/items/stock/deduct HTTP/1.1
15:21:46:211 DEBUG 11688 --- [http-nio-8084-exec-5] com.hmall.api.client.ItemClient          : [ItemClient#deductStock] Content-Length: 34
15:21:46:211 DEBUG 11688 --- [http-nio-8084-exec-5] com.hmall.api.client.ItemClient          : [ItemClient#deductStock] Content-Type: application/json
15:21:46:212 DEBUG 11688 --- [http-nio-8084-exec-5] com.hmall.api.client.ItemClient          : [ItemClient#deductStock] user-info: 1
15:21:46:212 DEBUG 11688 --- [http-nio-8084-exec-5] com.hmall.api.client.ItemClient          : [ItemClient#deductStock] 
15:21:46:212 DEBUG 11688 --- [http-nio-8084-exec-5] com.hmall.api.client.ItemClient          : [ItemClient#deductStock] [{"itemId":"40305713537","num":1}]
15:21:46:212 DEBUG 11688 --- [http-nio-8084-exec-5] com.hmall.api.client.ItemClient          : [ItemClient#deductStock] ---> END HTTP (34-byte body)
15:21:46:269 DEBUG 11688 --- [http-nio-8084-exec-5] com.hmall.api.client.ItemClient          : [ItemClient#deductStock] <--- HTTP/1.1 200 (56ms)
15:21:46:269 DEBUG 11688 --- [http-nio-8084-exec-5] com.hmall.api.client.ItemClient          : [ItemClient#deductStock] connection: keep-alive
15:21:46:269 DEBUG 11688 --- [http-nio-8084-exec-5] com.hmall.api.client.ItemClient          : [ItemClient#deductStock] content-length: 0
15:21:46:269 DEBUG 11688 --- [http-nio-8084-exec-5] com.hmall.api.client.ItemClient          : [ItemClient#deductStock] date: Tue, 27 Feb 2024 07:21:45 GMT
15:21:46:269 DEBUG 11688 --- [http-nio-8084-exec-5] com.hmall.api.client.ItemClient          : [ItemClient#deductStock] keep-alive: timeout=60
15:21:46:269 DEBUG 11688 --- [http-nio-8084-exec-5] com.hmall.api.client.ItemClient          : [ItemClient#deductStock] 
15:21:46:270 DEBUG 11688 --- [http-nio-8084-exec-5] com.hmall.api.client.ItemClient          : [ItemClient#deductStock] <--- END HTTP (0-byte body)
15:21:46:396 DEBUG 11688 --- [http-nio-8084-exec-6] c.h.trade.mapper.OrderMapper.selectById  : ==>  Preparing: SELECT id,total_fee,payment_type,user_id,status,create_time,pay_time,consign_time,end_time,close_time,comment_time,update_time FROM `order` WHERE id=?
15:21:46:396 DEBUG 11688 --- [http-nio-8084-exec-6] c.h.trade.mapper.OrderMapper.selectById  : ==> Parameters: 1762377466221309954(Long)
15:21:46:425 DEBUG 11688 --- [http-nio-8084-exec-6] c.h.trade.mapper.OrderMapper.selectById  : <==      Total: 1
15:21:49:955 DEBUG 11688 --- [http-nio-8084-exec-4] c.h.trade.mapper.OrderMapper.updateById  : ==>  Preparing: UPDATE `order` SET status=?, pay_time=? WHERE id=?
15:21:49:967 DEBUG 11688 --- [http-nio-8084-exec-4] c.h.trade.mapper.OrderMapper.updateById  : ==> Parameters: 2(Integer), 2024-02-27T15:21:49.924(LocalDateTime), 1762377466221309954(Long)
15:21:50:013 DEBUG 11688 --- [http-nio-8084-exec-4] c.h.trade.mapper.OrderMapper.updateById  : <==    Updates: 1
15:21:50:154 DEBUG 11688 --- [http-nio-8084-exec-2] c.h.trade.mapper.OrderMapper.selectById  : ==>  Preparing: SELECT id,total_fee,payment_type,user_id,status,create_time,pay_time,consign_time,end_time,close_time,comment_time,update_time FROM `order` WHERE id=?
15:21:50:154 DEBUG 11688 --- [http-nio-8084-exec-2] c.h.trade.mapper.OrderMapper.selectById  : ==> Parameters: 1762377466221309954(Long)
15:21:50:177 DEBUG 11688 --- [http-nio-8084-exec-2] c.h.trade.mapper.OrderMapper.selectById  : <==      Total: 1
15:29:49:773  INFO 2616 --- [main] com.hmall.trade.TradeApplication         : The following 1 profile is active: "dev"
15:29:50:452  INFO 2616 --- [main] o.s.cloud.context.scope.GenericScope     : BeanFactory id=b0293df6-218d-3dfc-9517-8580574f1387
15:29:50:642  INFO 2616 --- [main] o.s.b.w.embedded.tomcat.TomcatWebServer  : Tomcat initialized with port(s): 8084 (http)
15:29:50:651  INFO 2616 --- [main] o.apache.catalina.core.StandardService   : Starting service [Tomcat]
15:29:50:651  INFO 2616 --- [main] org.apache.catalina.core.StandardEngine  : Starting Servlet engine: [Apache Tomcat/9.0.75]
15:29:50:774  INFO 2616 --- [main] o.a.c.c.C.[Tomcat].[localhost].[/]       : Initializing Spring embedded WebApplicationContext
15:29:50:774  INFO 2616 --- [main] w.s.c.ServletWebServerApplicationContext : Root WebApplicationContext: initialization completed in 987 ms
15:29:50:896  INFO 2616 --- [main] o.s.c.openfeign.FeignClientFactoryBean   : For 'item-service' URL not provided. Will try picking an instance via load-balancing.
15:29:51:514  INFO 2616 --- [main] o.s.c.openfeign.FeignClientFactoryBean   : For 'cart-service' URL not provided. Will try picking an instance via load-balancing.
15:29:52:003  INFO 2616 --- [main] pertySourcedRequestMappingHandlerMapping : Mapped URL path [/v2/api-docs] onto method [springfox.documentation.swagger2.web.Swagger2ControllerWebMvc#getDocumentation(String, HttpServletRequest)]
15:29:52:260  INFO 2616 --- [main] com.alibaba.nacos.common.remote.client   : [RpcClientFactory] create a new rpc client of 2f81e52b-7a27-4335-b1bc-15f01aba2b55
15:29:52:260  INFO 2616 --- [main] com.alibaba.nacos.common.remote.client   : [2f81e52b-7a27-4335-b1bc-15f01aba2b55] RpcClient init label, labels = {module=naming, source=sdk}
15:29:52:261  INFO 2616 --- [main] com.alibaba.nacos.common.remote.client   : [2f81e52b-7a27-4335-b1bc-15f01aba2b55] RpcClient init, ServerListFactory = com.alibaba.nacos.client.naming.core.ServerListManager
15:29:52:261  INFO 2616 --- [main] com.alibaba.nacos.common.remote.client   : [2f81e52b-7a27-4335-b1bc-15f01aba2b55] Registry connection listener to current client:com.alibaba.nacos.client.naming.remote.gprc.redo.NamingGrpcRedoService
15:29:52:261  INFO 2616 --- [main] com.alibaba.nacos.common.remote.client   : [2f81e52b-7a27-4335-b1bc-15f01aba2b55] Register server push request handler:com.alibaba.nacos.client.naming.remote.gprc.NamingPushRequestHandler
15:29:52:262  INFO 2616 --- [main] com.alibaba.nacos.common.remote.client   : [2f81e52b-7a27-4335-b1bc-15f01aba2b55] Try to connect to server on start up, server: {serverIp = '43.142.106.101', server main port = 8848}
15:29:52:432  INFO 2616 --- [main] com.alibaba.nacos.common.remote.client   : [2f81e52b-7a27-4335-b1bc-15f01aba2b55] Success to connect to server [43.142.106.101:8848] on start up, connectionId = 1709018990412_115.214.65.195_16232
15:29:52:433  INFO 2616 --- [main] com.alibaba.nacos.common.remote.client   : [2f81e52b-7a27-4335-b1bc-15f01aba2b55] Register server push request handler:com.alibaba.nacos.common.remote.client.RpcClient$ConnectResetRequestHandler
15:29:52:433  INFO 2616 --- [main] com.alibaba.nacos.common.remote.client   : [2f81e52b-7a27-4335-b1bc-15f01aba2b55] Register server push request handler:com.alibaba.nacos.common.remote.client.RpcClient$$Lambda$346/1835841364
15:29:52:433  INFO 2616 --- [com.alibaba.nacos.client.remote.worker] com.alibaba.nacos.common.remote.client   : [2f81e52b-7a27-4335-b1bc-15f01aba2b55] Notify connected event to listeners.
15:29:52:481  INFO 2616 --- [main] o.s.b.w.embedded.tomcat.TomcatWebServer  : Tomcat started on port(s): 8084 (http) with context path ''
15:29:52:503  INFO 2616 --- [main] c.a.c.n.registry.NacosServiceRegistry    : nacos registry, DEFAULT_GROUP trade-service 192.168.3.5:8084 register finished
15:29:52:654  INFO 2616 --- [main] d.s.w.p.DocumentationPluginsBootstrapper : Documentation plugins bootstrapped
15:29:52:655  INFO 2616 --- [main] d.s.w.p.DocumentationPluginsBootstrapper : Found 1 custom documentation plugin(s)
15:29:52:667  INFO 2616 --- [main] s.d.s.w.s.ApiListingReferenceScanner     : Scanning for api listing references
15:29:52:716  INFO 2616 --- [main] com.hmall.trade.TradeApplication         : Started TradeApplication in 5.437 seconds (JVM running for 5.894)
15:29:52:719  INFO 2616 --- [main] c.a.c.n.refresh.NacosContextRefresher    : [Nacos Config] Listening config: dataId=trade-service, group=DEFAULT_GROUP
15:29:52:720  INFO 2616 --- [main] c.a.c.n.refresh.NacosContextRefresher    : [Nacos Config] Listening config: dataId=trade-service.yaml, group=DEFAULT_GROUP
15:29:52:720  INFO 2616 --- [main] c.a.c.n.refresh.NacosContextRefresher    : [Nacos Config] Listening config: dataId=trade-service-dev.yaml, group=DEFAULT_GROUP
15:29:53:021  INFO 2616 --- [nacos-grpc-client-executor-6] com.alibaba.nacos.common.remote.client   : [2f81e52b-7a27-4335-b1bc-15f01aba2b55] Receive server push request, request = NotifySubscriberRequest, requestId = 537
15:29:53:024  INFO 2616 --- [nacos-grpc-client-executor-6] com.alibaba.nacos.common.remote.client   : [2f81e52b-7a27-4335-b1bc-15f01aba2b55] Ack server push request, request = NotifySubscriberRequest, requestId = 537
15:30:56:478  INFO 2616 --- [http-nio-8084-exec-2] o.a.c.c.C.[Tomcat].[localhost].[/]       : Initializing Spring DispatcherServlet 'dispatcherServlet'
15:30:56:479  INFO 2616 --- [http-nio-8084-exec-2] o.s.web.servlet.DispatcherServlet        : Initializing Servlet 'dispatcherServlet'
15:30:56:481  INFO 2616 --- [http-nio-8084-exec-2] o.s.web.servlet.DispatcherServlet        : Completed initialization in 2 ms
15:30:56:545  INFO 2616 --- [http-nio-8084-exec-2] com.zaxxer.hikari.HikariDataSource       : HikariPool-1 - Starting...
15:30:57:870  INFO 2616 --- [http-nio-8084-exec-2] com.zaxxer.hikari.HikariDataSource       : HikariPool-1 - Start completed.
15:30:57:957 DEBUG 2616 --- [http-nio-8084-exec-2] com.hmall.api.client.ItemClient          : [ItemClient#queryItemByIds] ---> GET http://item-service/items?ids=100001511821 HTTP/1.1
15:30:57:957 DEBUG 2616 --- [http-nio-8084-exec-2] com.hmall.api.client.ItemClient          : [ItemClient#queryItemByIds] user-info: 1
15:30:57:957 DEBUG 2616 --- [http-nio-8084-exec-2] com.hmall.api.client.ItemClient          : [ItemClient#queryItemByIds] ---> END HTTP (0-byte body)
15:30:58:221 DEBUG 2616 --- [http-nio-8084-exec-2] com.hmall.api.client.ItemClient          : [ItemClient#queryItemByIds] <--- HTTP/1.1 200 (263ms)
15:30:58:221 DEBUG 2616 --- [http-nio-8084-exec-2] com.hmall.api.client.ItemClient          : [ItemClient#queryItemByIds] connection: keep-alive
15:30:58:221 DEBUG 2616 --- [http-nio-8084-exec-2] com.hmall.api.client.ItemClient          : [ItemClient#queryItemByIds] content-type: application/json
15:30:58:221 DEBUG 2616 --- [http-nio-8084-exec-2] com.hmall.api.client.ItemClient          : [ItemClient#queryItemByIds] date: Tue, 27 Feb 2024 07:30:58 GMT
15:30:58:221 DEBUG 2616 --- [http-nio-8084-exec-2] com.hmall.api.client.ItemClient          : [ItemClient#queryItemByIds] keep-alive: timeout=60
15:30:58:221 DEBUG 2616 --- [http-nio-8084-exec-2] com.hmall.api.client.ItemClient          : [ItemClient#queryItemByIds] transfer-encoding: chunked
15:30:58:221 DEBUG 2616 --- [http-nio-8084-exec-2] com.hmall.api.client.ItemClient          : [ItemClient#queryItemByIds] 
15:30:58:224 DEBUG 2616 --- [http-nio-8084-exec-2] com.hmall.api.client.ItemClient          : [ItemClient#queryItemByIds] [{"id":"100001511821","name":"HMDIME 牛仔背带裤女2018秋冬新品 韩版学院风潮流百搭弹力修身补丁学生吊带长裤女 AXNZ369 深蓝 30","price":13700,"stock":9995,"image":"https://m.360buyimg.com/mobilecms/s720x720_jfs/t30892/263/313055374/557791/c98e9abc/5bef811aN036f7c3b.jpg!q70.jpg.webp","category":"牛仔裤","brand":"HMDIME","spec":"{\"颜色\": \"蓝色\", \"尺码\": \"30\"}","sold":0,"commentCount":0,"isAD":false,"status":1}]
15:30:58:224 DEBUG 2616 --- [http-nio-8084-exec-2] com.hmall.api.client.ItemClient          : [ItemClient#queryItemByIds] <--- END HTTP (459-byte body)
15:30:58:282 DEBUG 2616 --- [http-nio-8084-exec-2] c.hmall.trade.mapper.OrderMapper.insert  : ==>  Preparing: INSERT INTO `order` ( id, total_fee, payment_type, user_id, status ) VALUES ( ?, ?, ?, ?, ? )
15:30:58:312 DEBUG 2616 --- [http-nio-8084-exec-2] c.hmall.trade.mapper.OrderMapper.insert  : ==> Parameters: 1762379782651625473(Long), 27400(Integer), 3(Integer), 1(Long), 1(Integer)
15:30:58:397 DEBUG 2616 --- [http-nio-8084-exec-2] c.hmall.trade.mapper.OrderMapper.insert  : <==    Updates: 1
15:30:58:414 DEBUG 2616 --- [http-nio-8084-exec-2] c.h.t.mapper.OrderDetailMapper.insert    : ==>  Preparing: INSERT INTO order_detail ( order_id, item_id, num, name, spec, price, image ) VALUES ( ?, ?, ?, ?, ?, ?, ? )
15:30:58:416 DEBUG 2616 --- [http-nio-8084-exec-2] c.h.t.mapper.OrderDetailMapper.insert    : ==> Parameters: 1762379782651625473(Long), 100001511821(Long), 2(Integer), HMDIME 牛仔背带裤女2018秋冬新品 韩版学院风潮流百搭弹力修身补丁学生吊带长裤女 AXNZ369 深蓝 30(String), {"颜色": "蓝色", "尺码": "30"}(String), 13700(Integer), https://m.360buyimg.com/mobilecms/s720x720_jfs/t30892/263/313055374/557791/c98e9abc/5bef811aN036f7c3b.jpg!q70.jpg.webp(String)
15:30:58:577 DEBUG 2616 --- [http-nio-8084-exec-2] com.hmall.api.client.CartClient          : [CartClient#deleteCartItemByIds] ---> DELETE http://cart-service/carts?ids=100001511821 HTTP/1.1
15:30:58:577 DEBUG 2616 --- [http-nio-8084-exec-2] com.hmall.api.client.CartClient          : [CartClient#deleteCartItemByIds] user-info: 1
15:30:58:577 DEBUG 2616 --- [http-nio-8084-exec-2] com.hmall.api.client.CartClient          : [CartClient#deleteCartItemByIds] ---> END HTTP (0-byte body)
15:30:58:746  INFO 2616 --- [nacos-grpc-client-executor-23] com.alibaba.nacos.common.remote.client   : [2f81e52b-7a27-4335-b1bc-15f01aba2b55] Receive server push request, request = NotifySubscriberRequest, requestId = 544
15:30:58:749  INFO 2616 --- [nacos-grpc-client-executor-23] com.alibaba.nacos.common.remote.client   : [2f81e52b-7a27-4335-b1bc-15f01aba2b55] Ack server push request, request = NotifySubscriberRequest, requestId = 544
15:30:58:839 DEBUG 2616 --- [http-nio-8084-exec-2] com.hmall.api.client.CartClient          : [CartClient#deleteCartItemByIds] <--- HTTP/1.1 200 (261ms)
15:30:58:839 DEBUG 2616 --- [http-nio-8084-exec-2] com.hmall.api.client.CartClient          : [CartClient#deleteCartItemByIds] connection: keep-alive
15:30:58:840 DEBUG 2616 --- [http-nio-8084-exec-2] com.hmall.api.client.CartClient          : [CartClient#deleteCartItemByIds] content-length: 0
15:30:58:840 DEBUG 2616 --- [http-nio-8084-exec-2] com.hmall.api.client.CartClient          : [CartClient#deleteCartItemByIds] date: Tue, 27 Feb 2024 07:30:58 GMT
15:30:58:840 DEBUG 2616 --- [http-nio-8084-exec-2] com.hmall.api.client.CartClient          : [CartClient#deleteCartItemByIds] keep-alive: timeout=60
15:30:58:840 DEBUG 2616 --- [http-nio-8084-exec-2] com.hmall.api.client.CartClient          : [CartClient#deleteCartItemByIds] 
15:30:58:840 DEBUG 2616 --- [http-nio-8084-exec-2] com.hmall.api.client.CartClient          : [CartClient#deleteCartItemByIds] <--- END HTTP (0-byte body)
15:30:58:855 DEBUG 2616 --- [http-nio-8084-exec-2] com.hmall.api.client.ItemClient          : [ItemClient#deductStock] ---> PUT http://item-service/items/stock/deduct HTTP/1.1
15:30:58:856 DEBUG 2616 --- [http-nio-8084-exec-2] com.hmall.api.client.ItemClient          : [ItemClient#deductStock] Content-Length: 35
15:30:58:856 DEBUG 2616 --- [http-nio-8084-exec-2] com.hmall.api.client.ItemClient          : [ItemClient#deductStock] Content-Type: application/json
15:30:58:856 DEBUG 2616 --- [http-nio-8084-exec-2] com.hmall.api.client.ItemClient          : [ItemClient#deductStock] user-info: 1
15:30:58:856 DEBUG 2616 --- [http-nio-8084-exec-2] com.hmall.api.client.ItemClient          : [ItemClient#deductStock] 
15:30:58:856 DEBUG 2616 --- [http-nio-8084-exec-2] com.hmall.api.client.ItemClient          : [ItemClient#deductStock] [{"itemId":"100001511821","num":2}]
15:30:58:856 DEBUG 2616 --- [http-nio-8084-exec-2] com.hmall.api.client.ItemClient          : [ItemClient#deductStock] ---> END HTTP (35-byte body)
15:30:58:992 DEBUG 2616 --- [http-nio-8084-exec-2] com.hmall.api.client.ItemClient          : [ItemClient#deductStock] <--- HTTP/1.1 200 (135ms)
15:30:58:992 DEBUG 2616 --- [http-nio-8084-exec-2] com.hmall.api.client.ItemClient          : [ItemClient#deductStock] connection: keep-alive
15:30:58:993 DEBUG 2616 --- [http-nio-8084-exec-2] com.hmall.api.client.ItemClient          : [ItemClient#deductStock] content-length: 0
15:30:58:993 DEBUG 2616 --- [http-nio-8084-exec-2] com.hmall.api.client.ItemClient          : [ItemClient#deductStock] date: Tue, 27 Feb 2024 07:30:58 GMT
15:30:58:993 DEBUG 2616 --- [http-nio-8084-exec-2] com.hmall.api.client.ItemClient          : [ItemClient#deductStock] keep-alive: timeout=60
15:30:58:993 DEBUG 2616 --- [http-nio-8084-exec-2] com.hmall.api.client.ItemClient          : [ItemClient#deductStock] 
15:30:58:993 DEBUG 2616 --- [http-nio-8084-exec-2] com.hmall.api.client.ItemClient          : [ItemClient#deductStock] <--- END HTTP (0-byte body)
15:30:59:186  INFO 2616 --- [nacos-grpc-client-executor-25] com.alibaba.nacos.common.remote.client   : [2f81e52b-7a27-4335-b1bc-15f01aba2b55] Receive server push request, request = NotifySubscriberRequest, requestId = 545
15:30:59:187  INFO 2616 --- [nacos-grpc-client-executor-25] com.alibaba.nacos.common.remote.client   : [2f81e52b-7a27-4335-b1bc-15f01aba2b55] Ack server push request, request = NotifySubscriberRequest, requestId = 545
15:31:37:648 DEBUG 2616 --- [http-nio-8084-exec-7] com.hmall.api.client.ItemClient          : [ItemClient#queryItemByIds] ---> GET http://item-service/items?ids=100001511821 HTTP/1.1
15:31:37:648 DEBUG 2616 --- [http-nio-8084-exec-7] com.hmall.api.client.ItemClient          : [ItemClient#queryItemByIds] user-info: 1
15:31:37:648 DEBUG 2616 --- [http-nio-8084-exec-7] com.hmall.api.client.ItemClient          : [ItemClient#queryItemByIds] ---> END HTTP (0-byte body)
15:31:37:757 DEBUG 2616 --- [http-nio-8084-exec-7] com.hmall.api.client.ItemClient          : [ItemClient#queryItemByIds] <--- HTTP/1.1 200 (108ms)
15:31:37:757 DEBUG 2616 --- [http-nio-8084-exec-7] com.hmall.api.client.ItemClient          : [ItemClient#queryItemByIds] connection: keep-alive
15:31:37:757 DEBUG 2616 --- [http-nio-8084-exec-7] com.hmall.api.client.ItemClient          : [ItemClient#queryItemByIds] content-type: application/json
15:31:37:757 DEBUG 2616 --- [http-nio-8084-exec-7] com.hmall.api.client.ItemClient          : [ItemClient#queryItemByIds] date: Tue, 27 Feb 2024 07:31:37 GMT
15:31:37:757 DEBUG 2616 --- [http-nio-8084-exec-7] com.hmall.api.client.ItemClient          : [ItemClient#queryItemByIds] keep-alive: timeout=60
15:31:37:757 DEBUG 2616 --- [http-nio-8084-exec-7] com.hmall.api.client.ItemClient          : [ItemClient#queryItemByIds] transfer-encoding: chunked
15:31:37:757 DEBUG 2616 --- [http-nio-8084-exec-7] com.hmall.api.client.ItemClient          : [ItemClient#queryItemByIds] 
15:31:37:757 DEBUG 2616 --- [http-nio-8084-exec-7] com.hmall.api.client.ItemClient          : [ItemClient#queryItemByIds] [{"id":"100001511821","name":"HMDIME 牛仔背带裤女2018秋冬新品 韩版学院风潮流百搭弹力修身补丁学生吊带长裤女 AXNZ369 深蓝 30","price":13700,"stock":9993,"image":"https://m.360buyimg.com/mobilecms/s720x720_jfs/t30892/263/313055374/557791/c98e9abc/5bef811aN036f7c3b.jpg!q70.jpg.webp","category":"牛仔裤","brand":"HMDIME","spec":"{\"颜色\": \"蓝色\", \"尺码\": \"30\"}","sold":0,"commentCount":0,"isAD":false,"status":1}]
15:31:37:758 DEBUG 2616 --- [http-nio-8084-exec-7] com.hmall.api.client.ItemClient          : [ItemClient#queryItemByIds] <--- END HTTP (459-byte body)
15:31:37:759 DEBUG 2616 --- [http-nio-8084-exec-7] c.hmall.trade.mapper.OrderMapper.insert  : ==>  Preparing: INSERT INTO `order` ( id, total_fee, payment_type, user_id, status ) VALUES ( ?, ?, ?, ?, ? )
15:31:37:760 DEBUG 2616 --- [http-nio-8084-exec-7] c.hmall.trade.mapper.OrderMapper.insert  : ==> Parameters: 1762379948209192961(Long), 27400(Integer), 3(Integer), 1(Long), 1(Integer)
15:31:37:828 DEBUG 2616 --- [http-nio-8084-exec-7] c.hmall.trade.mapper.OrderMapper.insert  : <==    Updates: 1
15:31:37:830 DEBUG 2616 --- [http-nio-8084-exec-7] c.h.t.mapper.OrderDetailMapper.insert    : ==>  Preparing: INSERT INTO order_detail ( order_id, item_id, num, name, spec, price, image ) VALUES ( ?, ?, ?, ?, ?, ?, ? )
15:31:37:831 DEBUG 2616 --- [http-nio-8084-exec-7] c.h.t.mapper.OrderDetailMapper.insert    : ==> Parameters: 1762379948209192961(Long), 100001511821(Long), 2(Integer), HMDIME 牛仔背带裤女2018秋冬新品 韩版学院风潮流百搭弹力修身补丁学生吊带长裤女 AXNZ369 深蓝 30(String), {"颜色": "蓝色", "尺码": "30"}(String), 13700(Integer), https://m.360buyimg.com/mobilecms/s720x720_jfs/t30892/263/313055374/557791/c98e9abc/5bef811aN036f7c3b.jpg!q70.jpg.webp(String)
15:31:37:930 DEBUG 2616 --- [http-nio-8084-exec-7] com.hmall.api.client.CartClient          : [CartClient#deleteCartItemByIds] ---> DELETE http://cart-service/carts?ids=100001511821 HTTP/1.1
15:31:37:930 DEBUG 2616 --- [http-nio-8084-exec-7] com.hmall.api.client.CartClient          : [CartClient#deleteCartItemByIds] user-info: 1
15:31:37:930 DEBUG 2616 --- [http-nio-8084-exec-7] com.hmall.api.client.CartClient          : [CartClient#deleteCartItemByIds] ---> END HTTP (0-byte body)
15:31:38:094 DEBUG 2616 --- [http-nio-8084-exec-7] com.hmall.api.client.CartClient          : [CartClient#deleteCartItemByIds] <--- HTTP/1.1 200 (164ms)
15:31:38:095 DEBUG 2616 --- [http-nio-8084-exec-7] com.hmall.api.client.CartClient          : [CartClient#deleteCartItemByIds] connection: keep-alive
15:31:38:095 DEBUG 2616 --- [http-nio-8084-exec-7] com.hmall.api.client.CartClient          : [CartClient#deleteCartItemByIds] content-length: 0
15:31:38:095 DEBUG 2616 --- [http-nio-8084-exec-7] com.hmall.api.client.CartClient          : [CartClient#deleteCartItemByIds] date: Tue, 27 Feb 2024 07:31:38 GMT
15:31:38:095 DEBUG 2616 --- [http-nio-8084-exec-7] com.hmall.api.client.CartClient          : [CartClient#deleteCartItemByIds] keep-alive: timeout=60
15:31:38:095 DEBUG 2616 --- [http-nio-8084-exec-7] com.hmall.api.client.CartClient          : [CartClient#deleteCartItemByIds] 
15:31:38:095 DEBUG 2616 --- [http-nio-8084-exec-7] com.hmall.api.client.CartClient          : [CartClient#deleteCartItemByIds] <--- END HTTP (0-byte body)
15:31:38:096 DEBUG 2616 --- [http-nio-8084-exec-7] com.hmall.api.client.ItemClient          : [ItemClient#deductStock] ---> PUT http://item-service/items/stock/deduct HTTP/1.1
15:31:38:096 DEBUG 2616 --- [http-nio-8084-exec-7] com.hmall.api.client.ItemClient          : [ItemClient#deductStock] Content-Length: 35
15:31:38:096 DEBUG 2616 --- [http-nio-8084-exec-7] com.hmall.api.client.ItemClient          : [ItemClient#deductStock] Content-Type: application/json
15:31:38:096 DEBUG 2616 --- [http-nio-8084-exec-7] com.hmall.api.client.ItemClient          : [ItemClient#deductStock] user-info: 1
15:31:38:096 DEBUG 2616 --- [http-nio-8084-exec-7] com.hmall.api.client.ItemClient          : [ItemClient#deductStock] 
15:31:38:096 DEBUG 2616 --- [http-nio-8084-exec-7] com.hmall.api.client.ItemClient          : [ItemClient#deductStock] [{"itemId":"100001511821","num":2}]
15:31:38:096 DEBUG 2616 --- [http-nio-8084-exec-7] com.hmall.api.client.ItemClient          : [ItemClient#deductStock] ---> END HTTP (35-byte body)
15:31:38:175 DEBUG 2616 --- [http-nio-8084-exec-7] com.hmall.api.client.ItemClient          : [ItemClient#deductStock] <--- HTTP/1.1 200 (78ms)
15:31:38:175 DEBUG 2616 --- [http-nio-8084-exec-7] com.hmall.api.client.ItemClient          : [ItemClient#deductStock] connection: keep-alive
15:31:38:175 DEBUG 2616 --- [http-nio-8084-exec-7] com.hmall.api.client.ItemClient          : [ItemClient#deductStock] content-length: 0
15:31:38:175 DEBUG 2616 --- [http-nio-8084-exec-7] com.hmall.api.client.ItemClient          : [ItemClient#deductStock] date: Tue, 27 Feb 2024 07:31:37 GMT
15:31:38:175 DEBUG 2616 --- [http-nio-8084-exec-7] com.hmall.api.client.ItemClient          : [ItemClient#deductStock] keep-alive: timeout=60
15:31:38:175 DEBUG 2616 --- [http-nio-8084-exec-7] com.hmall.api.client.ItemClient          : [ItemClient#deductStock] 
15:31:38:175 DEBUG 2616 --- [http-nio-8084-exec-7] com.hmall.api.client.ItemClient          : [ItemClient#deductStock] <--- END HTTP (0-byte body)
15:31:38:453 DEBUG 2616 --- [http-nio-8084-exec-4] c.h.trade.mapper.OrderMapper.selectById  : ==>  Preparing: SELECT id,total_fee,payment_type,user_id,status,create_time,pay_time,consign_time,end_time,close_time,comment_time,update_time FROM `order` WHERE id=?
15:31:38:454 DEBUG 2616 --- [http-nio-8084-exec-4] c.h.trade.mapper.OrderMapper.selectById  : ==> Parameters: 1762379948209192961(Long)
15:31:38:491 DEBUG 2616 --- [http-nio-8084-exec-4] c.h.trade.mapper.OrderMapper.selectById  : <==      Total: 1
15:31:46:089 DEBUG 2616 --- [http-nio-8084-exec-8] c.h.trade.mapper.OrderMapper.updateById  : ==>  Preparing: UPDATE `order` SET status=?, pay_time=? WHERE id=?
15:31:46:096 DEBUG 2616 --- [http-nio-8084-exec-8] c.h.trade.mapper.OrderMapper.updateById  : ==> Parameters: 2(Integer), 2024-02-27T15:31:46.066(LocalDateTime), 1762379948209192961(Long)
15:31:46:236 DEBUG 2616 --- [http-nio-8084-exec-8] c.h.trade.mapper.OrderMapper.updateById  : <==    Updates: 1
15:31:46:347 DEBUG 2616 --- [http-nio-8084-exec-1] c.h.trade.mapper.OrderMapper.selectById  : ==>  Preparing: SELECT id,total_fee,payment_type,user_id,status,create_time,pay_time,consign_time,end_time,close_time,comment_time,update_time FROM `order` WHERE id=?
15:31:46:348 DEBUG 2616 --- [http-nio-8084-exec-1] c.h.trade.mapper.OrderMapper.selectById  : ==> Parameters: 1762379948209192961(Long)
15:31:46:458 DEBUG 2616 --- [http-nio-8084-exec-1] c.h.trade.mapper.OrderMapper.selectById  : <==      Total: 1
15:31:54:020  WARN 2616 --- [Thread-7] c.a.nacos.common.notify.NotifyCenter     : [NotifyCenter] Start destroying Publisher
15:31:54:020  WARN 2616 --- [Thread-2] c.a.n.common.http.HttpClientBeanHolder   : [HttpClientBeanHolder] Start destroying common HttpClient
15:31:54:020  WARN 2616 --- [Thread-7] c.a.nacos.common.notify.NotifyCenter     : [NotifyCenter] Destruction of the end
15:31:54:021  WARN 2616 --- [Thread-2] c.a.n.common.http.HttpClientBeanHolder   : [HttpClientBeanHolder] Destruction of the end
15:31:54:218  INFO 2616 --- [SpringApplicationShutdownHook] c.a.c.n.registry.NacosServiceRegistry    : De-registering from Nacos Server now...
15:31:54:240  INFO 2616 --- [SpringApplicationShutdownHook] c.a.c.n.registry.NacosServiceRegistry    : De-registration finished.
15:31:54:562  INFO 2616 --- [SpringApplicationShutdownHook] com.alibaba.nacos.common.remote.client   : Shutdown rpc client, set status to shutdown
15:31:54:563  INFO 2616 --- [SpringApplicationShutdownHook] com.alibaba.nacos.common.remote.client   : Shutdown client event executor java.util.concurrent.ScheduledThreadPoolExecutor@69f38584[Running, pool size = 2, active threads = 2, queued tasks = 0, completed tasks = 0]
15:31:54:563  INFO 2616 --- [SpringApplicationShutdownHook] com.alibaba.nacos.common.remote.client   : Close current connection 1709018990412_115.214.65.195_16232
15:31:54:565  INFO 2616 --- [SpringApplicationShutdownHook] c.a.n.c.remote.client.grpc.GrpcClient    : Shutdown grpc executor java.util.concurrent.ThreadPoolExecutor@60794a5[Running, pool size = 5, active threads = 0, queued tasks = 0, completed tasks = 40]
15:31:54:567  INFO 2616 --- [SpringApplicationShutdownHook] com.zaxxer.hikari.HikariDataSource       : HikariPool-1 - Shutdown initiated...
15:31:54:795  INFO 2616 --- [SpringApplicationShutdownHook] com.zaxxer.hikari.HikariDataSource       : HikariPool-1 - Shutdown completed.
