15:19:31:205  INFO 17700 --- [main] com.hmall.cart.CartApplication           : The following 1 profile is active: "dev"
15:19:31:964  INFO 17700 --- [main] o.s.cloud.context.scope.GenericScope     : BeanFactory id=a58b531d-4f02-3527-9ee0-85bdea1e5d67
15:19:32:383  INFO 17700 --- [main] o.s.b.w.embedded.tomcat.TomcatWebServer  : Tomcat initialized with port(s): 8082 (http)
15:19:32:391  INFO 17700 --- [main] o.apache.catalina.core.StandardService   : Starting service [Tomcat]
15:19:32:392  INFO 17700 --- [main] org.apache.catalina.core.StandardEngine  : Starting Servlet engine: [Apache Tomcat/9.0.75]
15:19:32:543  INFO 17700 --- [main] o.a.c.c.C.[Tomcat].[localhost].[/]       : Initializing Spring embedded WebApplicationContext
15:19:32:543  INFO 17700 --- [main] w.s.c.ServletWebServerApplicationContext : Root WebApplicationContext: initialization completed in 1324 ms
15:19:32:821  INFO 17700 --- [main] o.s.c.openfeign.FeignClientFactoryBean   : For 'item-service' URL not provided. Will try picking an instance via load-balancing.
15:19:33:933  INFO 17700 --- [main] c.a.c.sentinel.SentinelWebMvcConfigurer  : [Sentinel Starter] register SentinelWebInterceptor with urlPatterns: [/**].
15:19:34:494  INFO 17700 --- [main] pertySourcedRequestMappingHandlerMapping : Mapped URL path [/v2/api-docs] onto method [springfox.documentation.swagger2.web.Swagger2ControllerWebMvc#getDocumentation(String, HttpServletRequest)]
15:19:35:208  INFO 17700 --- [main] com.alibaba.nacos.common.remote.client   : [RpcClientFactory] create a new rpc client of 76de6d79-91ba-43e4-a291-e77fdcb07752
15:19:35:209  INFO 17700 --- [main] com.alibaba.nacos.common.remote.client   : [76de6d79-91ba-43e4-a291-e77fdcb07752] RpcClient init label, labels = {module=naming, source=sdk}
15:19:35:212  INFO 17700 --- [main] com.alibaba.nacos.common.remote.client   : [76de6d79-91ba-43e4-a291-e77fdcb07752] RpcClient init, ServerListFactory = com.alibaba.nacos.client.naming.core.ServerListManager
15:19:35:212  INFO 17700 --- [main] com.alibaba.nacos.common.remote.client   : [76de6d79-91ba-43e4-a291-e77fdcb07752] Registry connection listener to current client:com.alibaba.nacos.client.naming.remote.gprc.redo.NamingGrpcRedoService
15:19:35:213  INFO 17700 --- [main] com.alibaba.nacos.common.remote.client   : [76de6d79-91ba-43e4-a291-e77fdcb07752] Register server push request handler:com.alibaba.nacos.client.naming.remote.gprc.NamingPushRequestHandler
15:19:35:213  INFO 17700 --- [main] com.alibaba.nacos.common.remote.client   : [76de6d79-91ba-43e4-a291-e77fdcb07752] Try to connect to server on start up, server: {serverIp = '43.142.106.101', server main port = 8848}
15:19:35:382  INFO 17700 --- [main] com.alibaba.nacos.common.remote.client   : [76de6d79-91ba-43e4-a291-e77fdcb07752] Success to connect to server [43.142.106.101:8848] on start up, connectionId = 1709018373364_115.214.65.195_16146
15:19:35:382  INFO 17700 --- [main] com.alibaba.nacos.common.remote.client   : [76de6d79-91ba-43e4-a291-e77fdcb07752] Register server push request handler:com.alibaba.nacos.common.remote.client.RpcClient$ConnectResetRequestHandler
15:19:35:382  INFO 17700 --- [main] com.alibaba.nacos.common.remote.client   : [76de6d79-91ba-43e4-a291-e77fdcb07752] Register server push request handler:com.alibaba.nacos.common.remote.client.RpcClient$$Lambda$346/2037202079
15:19:35:382  INFO 17700 --- [com.alibaba.nacos.client.remote.worker] com.alibaba.nacos.common.remote.client   : [76de6d79-91ba-43e4-a291-e77fdcb07752] Notify connected event to listeners.
15:19:35:449  INFO 17700 --- [main] o.s.b.w.embedded.tomcat.TomcatWebServer  : Tomcat started on port(s): 8082 (http) with context path ''
15:19:35:474  INFO 17700 --- [main] c.a.c.n.registry.NacosServiceRegistry    : nacos registry, DEFAULT_GROUP cart-service 192.168.3.5:8082 register finished
15:19:35:727  INFO 17700 --- [main] d.s.w.p.DocumentationPluginsBootstrapper : Documentation plugins bootstrapped
15:19:35:729  INFO 17700 --- [main] d.s.w.p.DocumentationPluginsBootstrapper : Found 1 custom documentation plugin(s)
15:19:35:750  INFO 17700 --- [main] s.d.s.w.s.ApiListingReferenceScanner     : Scanning for api listing references
15:19:35:830  INFO 17700 --- [main] com.hmall.cart.CartApplication           : Started CartApplication in 7.476 seconds (JVM running for 8.163)
15:19:35:834  INFO 17700 --- [main] c.a.c.n.refresh.NacosContextRefresher    : [Nacos Config] Listening config: dataId=cart-service, group=DEFAULT_GROUP
15:19:35:835  INFO 17700 --- [main] c.a.c.n.refresh.NacosContextRefresher    : [Nacos Config] Listening config: dataId=cart-service.yaml, group=DEFAULT_GROUP
15:19:35:835  INFO 17700 --- [main] c.a.c.n.refresh.NacosContextRefresher    : [Nacos Config] Listening config: dataId=cart-service-dev.yaml, group=DEFAULT_GROUP
15:19:36:007  INFO 17700 --- [nacos-grpc-client-executor-7] com.alibaba.nacos.common.remote.client   : [76de6d79-91ba-43e4-a291-e77fdcb07752] Receive server push request, request = NotifySubscriberRequest, requestId = 515
15:19:36:011  INFO 17700 --- [nacos-grpc-client-executor-7] com.alibaba.nacos.common.remote.client   : [76de6d79-91ba-43e4-a291-e77fdcb07752] Ack server push request, request = NotifySubscriberRequest, requestId = 515
15:21:04:756  INFO 17700 --- [http-nio-8082-exec-1] o.a.c.c.C.[Tomcat].[localhost].[/]       : Initializing Spring DispatcherServlet 'dispatcherServlet'
15:21:04:757  INFO 17700 --- [http-nio-8082-exec-1] o.s.web.servlet.DispatcherServlet        : Initializing Servlet 'dispatcherServlet'
15:21:04:760  INFO 17700 --- [http-nio-8082-exec-1] o.s.web.servlet.DispatcherServlet        : Completed initialization in 3 ms
15:21:05:117  INFO 17700 --- [http-nio-8082-exec-1] com.zaxxer.hikari.HikariDataSource       : HikariPool-1 - Starting...
15:21:06:082  INFO 17700 --- [http-nio-8082-exec-1] com.zaxxer.hikari.HikariDataSource       : HikariPool-1 - Start completed.
15:21:06:087 DEBUG 17700 --- [http-nio-8082-exec-1] c.h.cart.mapper.CartMapper.selectList    : ==>  Preparing: SELECT id,user_id,item_id,num,name,spec,price,image,create_time,update_time FROM cart WHERE (user_id = ?)
15:21:06:105 DEBUG 17700 --- [http-nio-8082-exec-1] c.h.cart.mapper.CartMapper.selectList    : ==> Parameters: 1(Long)
15:21:06:154 DEBUG 17700 --- [http-nio-8082-exec-1] c.h.cart.mapper.CartMapper.selectList    : <==      Total: 0
15:21:29:291 DEBUG 17700 --- [http-nio-8082-exec-2] c.h.cart.mapper.CartMapper.selectCount   : ==>  Preparing: SELECT COUNT( * ) FROM cart WHERE (user_id = ? AND item_id = ?)
15:21:29:291 DEBUG 17700 --- [http-nio-8082-exec-2] c.h.cart.mapper.CartMapper.selectCount   : ==> Parameters: 1(Long), 40305713537(Long)
15:21:29:318 DEBUG 17700 --- [http-nio-8082-exec-2] c.h.cart.mapper.CartMapper.selectCount   : <==      Total: 1
15:21:29:321 DEBUG 17700 --- [http-nio-8082-exec-2] c.h.cart.mapper.CartMapper.selectCount   : ==>  Preparing: SELECT COUNT( * ) FROM cart WHERE (user_id = ?)
15:21:29:322 DEBUG 17700 --- [http-nio-8082-exec-2] c.h.cart.mapper.CartMapper.selectCount   : ==> Parameters: 1(Long)
15:21:29:346 DEBUG 17700 --- [http-nio-8082-exec-2] c.h.cart.mapper.CartMapper.selectCount   : <==      Total: 1
15:21:29:408 DEBUG 17700 --- [http-nio-8082-exec-2] com.hmall.cart.mapper.CartMapper.insert  : ==>  Preparing: INSERT INTO cart ( user_id, item_id, name, spec, price, image ) VALUES ( ?, ?, ?, ?, ?, ? )
15:21:29:410 DEBUG 17700 --- [http-nio-8082-exec-2] com.hmall.cart.mapper.CartMapper.insert  : ==> Parameters: 1(Long), 40305713537(Long), 【官方正品 品牌直营】奥古狮登小白鞋女秋季透气2018新款百搭韩版休闲鞋运动鞋女鞋厚底板鞋女 浅蓝【厚底】 41(String), {"颜色": "金色", "尺码": "41"}(String), 35400(Integer), https://m.360buyimg.com/mobilecms/s720x720_jfs/t1/14147/34/2890/275451/5c225484Ebd346404/e61513be4639ee2e.jpg!q70.jpg.webp(String)
15:21:29:459 DEBUG 17700 --- [http-nio-8082-exec-2] com.hmall.cart.mapper.CartMapper.insert  : <==    Updates: 1
15:21:29:531 DEBUG 17700 --- [http-nio-8082-exec-3] c.h.cart.mapper.CartMapper.selectList    : ==>  Preparing: SELECT id,user_id,item_id,num,name,spec,price,image,create_time,update_time FROM cart WHERE (user_id = ?)
15:21:29:532 DEBUG 17700 --- [http-nio-8082-exec-3] c.h.cart.mapper.CartMapper.selectList    : ==> Parameters: 1(Long)
15:21:29:563 DEBUG 17700 --- [http-nio-8082-exec-3] c.h.cart.mapper.CartMapper.selectList    : <==      Total: 1
15:21:29:574 DEBUG 17700 --- [http-nio-8082-exec-3] com.hmall.api.client.ItemClient          : [ItemClient#queryItemByIds] ---> GET http://item-service/items?ids=40305713537 HTTP/1.1
15:21:29:575 DEBUG 17700 --- [http-nio-8082-exec-3] com.hmall.api.client.ItemClient          : [ItemClient#queryItemByIds] user-info: 1
15:21:29:575 DEBUG 17700 --- [http-nio-8082-exec-3] com.hmall.api.client.ItemClient          : [ItemClient#queryItemByIds] ---> END HTTP (0-byte body)
15:21:29:834 DEBUG 17700 --- [http-nio-8082-exec-3] com.hmall.api.client.ItemClient          : [ItemClient#queryItemByIds] <--- HTTP/1.1 200 (256ms)
15:21:29:835 DEBUG 17700 --- [http-nio-8082-exec-3] com.hmall.api.client.ItemClient          : [ItemClient#queryItemByIds] connection: keep-alive
15:21:29:835 DEBUG 17700 --- [http-nio-8082-exec-3] com.hmall.api.client.ItemClient          : [ItemClient#queryItemByIds] content-type: application/json
15:21:29:835 DEBUG 17700 --- [http-nio-8082-exec-3] com.hmall.api.client.ItemClient          : [ItemClient#queryItemByIds] date: Tue, 27 Feb 2024 07:21:29 GMT
15:21:29:835 DEBUG 17700 --- [http-nio-8082-exec-3] com.hmall.api.client.ItemClient          : [ItemClient#queryItemByIds] keep-alive: timeout=60
15:21:29:835 DEBUG 17700 --- [http-nio-8082-exec-3] com.hmall.api.client.ItemClient          : [ItemClient#queryItemByIds] transfer-encoding: chunked
15:21:29:835 DEBUG 17700 --- [http-nio-8082-exec-3] com.hmall.api.client.ItemClient          : [ItemClient#queryItemByIds] 
15:21:29:837 DEBUG 17700 --- [http-nio-8082-exec-3] com.hmall.api.client.ItemClient          : [ItemClient#queryItemByIds] [{"id":"40305713537","name":"【官方正品 品牌直营】奥古狮登小白鞋女秋季透气2018新款百搭韩版休闲鞋运动鞋女鞋厚底板鞋女 浅蓝【厚底】 41","price":35400,"stock":9996,"image":"https://m.360buyimg.com/mobilecms/s720x720_jfs/t1/14147/34/2890/275451/5c225484Ebd346404/e61513be4639ee2e.jpg!q70.jpg.webp","category":"休闲鞋","brand":"奥古狮登","spec":"{\"颜色\": \"金色\", \"尺码\": \"41\"}","sold":0,"commentCount":0,"isAD":false,"status":1}]
15:21:29:837 DEBUG 17700 --- [http-nio-8082-exec-3] com.hmall.api.client.ItemClient          : [ItemClient#queryItemByIds] <--- END HTTP (492-byte body)
15:21:30:298  INFO 17700 --- [nacos-grpc-client-executor-41] com.alibaba.nacos.common.remote.client   : [76de6d79-91ba-43e4-a291-e77fdcb07752] Receive server push request, request = NotifySubscriberRequest, requestId = 525
15:21:30:300  INFO 17700 --- [nacos-grpc-client-executor-41] com.alibaba.nacos.common.remote.client   : [76de6d79-91ba-43e4-a291-e77fdcb07752] Ack server push request, request = NotifySubscriberRequest, requestId = 525
15:21:34:039 DEBUG 17700 --- [http-nio-8082-exec-4] com.hmall.cart.mapper.CartMapper.delete  : ==>  Preparing: DELETE FROM cart WHERE (user_id = ? AND item_id IN (?))
15:21:34:041 DEBUG 17700 --- [http-nio-8082-exec-4] com.hmall.cart.mapper.CartMapper.delete  : ==> Parameters: 1(Long), 40305713537(Long)
15:21:34:087 DEBUG 17700 --- [http-nio-8082-exec-4] com.hmall.cart.mapper.CartMapper.delete  : <==    Updates: 1
15:21:46:173 DEBUG 17700 --- [http-nio-8082-exec-5] com.hmall.cart.mapper.CartMapper.delete  : ==>  Preparing: DELETE FROM cart WHERE (user_id = ? AND item_id IN (?))
15:21:46:173 DEBUG 17700 --- [http-nio-8082-exec-5] com.hmall.cart.mapper.CartMapper.delete  : ==> Parameters: 1(Long), 40305713537(Long)
15:21:46:209 DEBUG 17700 --- [http-nio-8082-exec-5] com.hmall.cart.mapper.CartMapper.delete  : <==    Updates: 0
15:21:51:021 DEBUG 17700 --- [http-nio-8082-exec-6] c.h.cart.mapper.CartMapper.selectList    : ==>  Preparing: SELECT id,user_id,item_id,num,name,spec,price,image,create_time,update_time FROM cart WHERE (user_id = ?)
15:21:51:022 DEBUG 17700 --- [http-nio-8082-exec-6] c.h.cart.mapper.CartMapper.selectList    : ==> Parameters: 1(Long)
15:21:51:046 DEBUG 17700 --- [http-nio-8082-exec-6] c.h.cart.mapper.CartMapper.selectList    : <==      Total: 0
15:29:34:382  INFO 14204 --- [main] com.hmall.cart.CartApplication           : The following 1 profile is active: "dev"
15:29:35:093  INFO 14204 --- [main] o.s.cloud.context.scope.GenericScope     : BeanFactory id=a58b531d-4f02-3527-9ee0-85bdea1e5d67
15:29:35:391  INFO 14204 --- [main] o.s.b.w.embedded.tomcat.TomcatWebServer  : Tomcat initialized with port(s): 8082 (http)
15:29:35:397  INFO 14204 --- [main] o.apache.catalina.core.StandardService   : Starting service [Tomcat]
15:29:35:397  INFO 14204 --- [main] org.apache.catalina.core.StandardEngine  : Starting Servlet engine: [Apache Tomcat/9.0.75]
15:29:35:497  INFO 14204 --- [main] o.a.c.c.C.[Tomcat].[localhost].[/]       : Initializing Spring embedded WebApplicationContext
15:29:35:497  INFO 14204 --- [main] w.s.c.ServletWebServerApplicationContext : Root WebApplicationContext: initialization completed in 1104 ms
15:29:35:663  INFO 14204 --- [main] o.s.c.openfeign.FeignClientFactoryBean   : For 'item-service' URL not provided. Will try picking an instance via load-balancing.
15:29:36:378  INFO 14204 --- [main] c.a.c.sentinel.SentinelWebMvcConfigurer  : [Sentinel Starter] register SentinelWebInterceptor with urlPatterns: [/**].
15:29:36:747  INFO 14204 --- [main] pertySourcedRequestMappingHandlerMapping : Mapped URL path [/v2/api-docs] onto method [springfox.documentation.swagger2.web.Swagger2ControllerWebMvc#getDocumentation(String, HttpServletRequest)]
15:29:37:210  INFO 14204 --- [main] com.alibaba.nacos.common.remote.client   : [RpcClientFactory] create a new rpc client of 27b93d45-8c98-42a8-8d60-e97e977874e7
15:29:37:210  INFO 14204 --- [main] com.alibaba.nacos.common.remote.client   : [27b93d45-8c98-42a8-8d60-e97e977874e7] RpcClient init label, labels = {module=naming, source=sdk}
15:29:37:212  INFO 14204 --- [main] com.alibaba.nacos.common.remote.client   : [27b93d45-8c98-42a8-8d60-e97e977874e7] RpcClient init, ServerListFactory = com.alibaba.nacos.client.naming.core.ServerListManager
15:29:37:212  INFO 14204 --- [main] com.alibaba.nacos.common.remote.client   : [27b93d45-8c98-42a8-8d60-e97e977874e7] Registry connection listener to current client:com.alibaba.nacos.client.naming.remote.gprc.redo.NamingGrpcRedoService
15:29:37:212  INFO 14204 --- [main] com.alibaba.nacos.common.remote.client   : [27b93d45-8c98-42a8-8d60-e97e977874e7] Register server push request handler:com.alibaba.nacos.client.naming.remote.gprc.NamingPushRequestHandler
15:29:37:212  INFO 14204 --- [main] com.alibaba.nacos.common.remote.client   : [27b93d45-8c98-42a8-8d60-e97e977874e7] Try to connect to server on start up, server: {serverIp = '43.142.106.101', server main port = 8848}
15:29:37:371  INFO 14204 --- [main] com.alibaba.nacos.common.remote.client   : [27b93d45-8c98-42a8-8d60-e97e977874e7] Success to connect to server [43.142.106.101:8848] on start up, connectionId = 1709018975361_115.214.65.195_16153
15:29:37:371  INFO 14204 --- [com.alibaba.nacos.client.remote.worker] com.alibaba.nacos.common.remote.client   : [27b93d45-8c98-42a8-8d60-e97e977874e7] Notify connected event to listeners.
15:29:37:371  INFO 14204 --- [main] com.alibaba.nacos.common.remote.client   : [27b93d45-8c98-42a8-8d60-e97e977874e7] Register server push request handler:com.alibaba.nacos.common.remote.client.RpcClient$ConnectResetRequestHandler
15:29:37:371  INFO 14204 --- [main] com.alibaba.nacos.common.remote.client   : [27b93d45-8c98-42a8-8d60-e97e977874e7] Register server push request handler:com.alibaba.nacos.common.remote.client.RpcClient$$Lambda$346/2037202079
15:29:37:411  INFO 14204 --- [main] o.s.b.w.embedded.tomcat.TomcatWebServer  : Tomcat started on port(s): 8082 (http) with context path ''
15:29:37:433  INFO 14204 --- [main] c.a.c.n.registry.NacosServiceRegistry    : nacos registry, DEFAULT_GROUP cart-service 192.168.3.5:8082 register finished
15:29:37:584  INFO 14204 --- [main] d.s.w.p.DocumentationPluginsBootstrapper : Documentation plugins bootstrapped
15:29:37:586  INFO 14204 --- [main] d.s.w.p.DocumentationPluginsBootstrapper : Found 1 custom documentation plugin(s)
15:29:37:602  INFO 14204 --- [main] s.d.s.w.s.ApiListingReferenceScanner     : Scanning for api listing references
15:29:37:656  INFO 14204 --- [main] com.hmall.cart.CartApplication           : Started CartApplication in 5.415 seconds (JVM running for 5.916)
15:29:37:659  INFO 14204 --- [main] c.a.c.n.refresh.NacosContextRefresher    : [Nacos Config] Listening config: dataId=cart-service, group=DEFAULT_GROUP
15:29:37:660  INFO 14204 --- [main] c.a.c.n.refresh.NacosContextRefresher    : [Nacos Config] Listening config: dataId=cart-service.yaml, group=DEFAULT_GROUP
15:29:37:660  INFO 14204 --- [main] c.a.c.n.refresh.NacosContextRefresher    : [Nacos Config] Listening config: dataId=cart-service-dev.yaml, group=DEFAULT_GROUP
15:29:37:995  INFO 14204 --- [nacos-grpc-client-executor-5] com.alibaba.nacos.common.remote.client   : [27b93d45-8c98-42a8-8d60-e97e977874e7] Receive server push request, request = NotifySubscriberRequest, requestId = 532
15:29:37:998  INFO 14204 --- [nacos-grpc-client-executor-5] com.alibaba.nacos.common.remote.client   : [27b93d45-8c98-42a8-8d60-e97e977874e7] Ack server push request, request = NotifySubscriberRequest, requestId = 532
15:30:42:497  INFO 14204 --- [http-nio-8082-exec-10] o.a.c.c.C.[Tomcat].[localhost].[/]       : Initializing Spring DispatcherServlet 'dispatcherServlet'
15:30:42:497  INFO 14204 --- [http-nio-8082-exec-10] o.s.web.servlet.DispatcherServlet        : Initializing Servlet 'dispatcherServlet'
15:30:42:500  INFO 14204 --- [http-nio-8082-exec-10] o.s.web.servlet.DispatcherServlet        : Completed initialization in 2 ms
15:30:42:827  INFO 14204 --- [http-nio-8082-exec-10] com.zaxxer.hikari.HikariDataSource       : HikariPool-1 - Starting...
15:30:44:188  INFO 14204 --- [http-nio-8082-exec-10] com.zaxxer.hikari.HikariDataSource       : HikariPool-1 - Start completed.
15:30:44:199 DEBUG 14204 --- [http-nio-8082-exec-10] c.h.cart.mapper.CartMapper.selectCount   : ==>  Preparing: SELECT COUNT( * ) FROM cart WHERE (user_id = ? AND item_id = ?)
15:30:44:227 DEBUG 14204 --- [http-nio-8082-exec-10] c.h.cart.mapper.CartMapper.selectCount   : ==> Parameters: 1(Long), 100001511821(Long)
15:30:44:286 DEBUG 14204 --- [http-nio-8082-exec-10] c.h.cart.mapper.CartMapper.selectCount   : <==      Total: 1
15:30:44:295 DEBUG 14204 --- [http-nio-8082-exec-10] c.h.cart.mapper.CartMapper.selectCount   : ==>  Preparing: SELECT COUNT( * ) FROM cart WHERE (user_id = ?)
15:30:44:296 DEBUG 14204 --- [http-nio-8082-exec-10] c.h.cart.mapper.CartMapper.selectCount   : ==> Parameters: 1(Long)
15:30:44:432 DEBUG 14204 --- [http-nio-8082-exec-10] c.h.cart.mapper.CartMapper.selectCount   : <==      Total: 1
15:30:44:487 DEBUG 14204 --- [http-nio-8082-exec-10] com.hmall.cart.mapper.CartMapper.insert  : ==>  Preparing: INSERT INTO cart ( user_id, item_id, name, spec, price, image ) VALUES ( ?, ?, ?, ?, ?, ? )
15:30:44:488 DEBUG 14204 --- [http-nio-8082-exec-10] com.hmall.cart.mapper.CartMapper.insert  : ==> Parameters: 1(Long), 100001511821(Long), HMDIME 牛仔背带裤女2018秋冬新品 韩版学院风潮流百搭弹力修身补丁学生吊带长裤女 AXNZ369 深蓝 30(String), {"颜色": "蓝色", "尺码": "30"}(String), 13700(Integer), https://m.360buyimg.com/mobilecms/s720x720_jfs/t30892/263/313055374/557791/c98e9abc/5bef811aN036f7c3b.jpg!q70.jpg.webp(String)
15:30:44:643 DEBUG 14204 --- [http-nio-8082-exec-10] com.hmall.cart.mapper.CartMapper.insert  : <==    Updates: 1
15:30:45:590 DEBUG 14204 --- [http-nio-8082-exec-1] c.h.cart.mapper.CartMapper.selectCount   : ==>  Preparing: SELECT COUNT( * ) FROM cart WHERE (user_id = ? AND item_id = ?)
15:30:45:591 DEBUG 14204 --- [http-nio-8082-exec-1] c.h.cart.mapper.CartMapper.selectCount   : ==> Parameters: 1(Long), 100001511821(Long)
15:30:45:619 DEBUG 14204 --- [http-nio-8082-exec-1] c.h.cart.mapper.CartMapper.selectCount   : <==      Total: 1
15:30:45:621 DEBUG 14204 --- [http-nio-8082-exec-1] c.h.cart.mapper.CartMapper.updateNum     : ==>  Preparing: UPDATE cart SET num = num + 1 WHERE user_id = ? AND item_id = ?
15:30:45:621 DEBUG 14204 --- [http-nio-8082-exec-1] c.h.cart.mapper.CartMapper.updateNum     : ==> Parameters: 1(Long), 100001511821(Long)
15:30:45:728 DEBUG 14204 --- [http-nio-8082-exec-1] c.h.cart.mapper.CartMapper.updateNum     : <==    Updates: 1
15:30:45:785 DEBUG 14204 --- [http-nio-8082-exec-6] c.h.cart.mapper.CartMapper.selectList    : ==>  Preparing: SELECT id,user_id,item_id,num,name,spec,price,image,create_time,update_time FROM cart WHERE (user_id = ?)
15:30:45:785 DEBUG 14204 --- [http-nio-8082-exec-6] c.h.cart.mapper.CartMapper.selectList    : ==> Parameters: 1(Long)
15:30:45:836 DEBUG 14204 --- [http-nio-8082-exec-6] c.h.cart.mapper.CartMapper.selectList    : <==      Total: 1
15:30:45:848 DEBUG 14204 --- [http-nio-8082-exec-6] com.hmall.api.client.ItemClient          : [ItemClient#queryItemByIds] ---> GET http://item-service/items?ids=100001511821 HTTP/1.1
15:30:45:849 DEBUG 14204 --- [http-nio-8082-exec-6] com.hmall.api.client.ItemClient          : [ItemClient#queryItemByIds] user-info: 1
15:30:45:849 DEBUG 14204 --- [http-nio-8082-exec-6] com.hmall.api.client.ItemClient          : [ItemClient#queryItemByIds] ---> END HTTP (0-byte body)
15:30:46:643  INFO 14204 --- [nacos-grpc-client-executor-22] com.alibaba.nacos.common.remote.client   : [27b93d45-8c98-42a8-8d60-e97e977874e7] Receive server push request, request = NotifySubscriberRequest, requestId = 542
15:30:46:643  INFO 14204 --- [nacos-grpc-client-executor-22] com.alibaba.nacos.common.remote.client   : [27b93d45-8c98-42a8-8d60-e97e977874e7] Ack server push request, request = NotifySubscriberRequest, requestId = 542
15:30:46:646 DEBUG 14204 --- [http-nio-8082-exec-6] com.hmall.api.client.ItemClient          : [ItemClient#queryItemByIds] <--- HTTP/1.1 200 (796ms)
15:30:46:646 DEBUG 14204 --- [http-nio-8082-exec-6] com.hmall.api.client.ItemClient          : [ItemClient#queryItemByIds] connection: keep-alive
15:30:46:646 DEBUG 14204 --- [http-nio-8082-exec-6] com.hmall.api.client.ItemClient          : [ItemClient#queryItemByIds] content-type: application/json
15:30:46:646 DEBUG 14204 --- [http-nio-8082-exec-6] com.hmall.api.client.ItemClient          : [ItemClient#queryItemByIds] date: Tue, 27 Feb 2024 07:30:46 GMT
15:30:46:647 DEBUG 14204 --- [http-nio-8082-exec-6] com.hmall.api.client.ItemClient          : [ItemClient#queryItemByIds] keep-alive: timeout=60
15:30:46:647 DEBUG 14204 --- [http-nio-8082-exec-6] com.hmall.api.client.ItemClient          : [ItemClient#queryItemByIds] transfer-encoding: chunked
15:30:46:647 DEBUG 14204 --- [http-nio-8082-exec-6] com.hmall.api.client.ItemClient          : [ItemClient#queryItemByIds] 
15:30:46:650 DEBUG 14204 --- [http-nio-8082-exec-6] com.hmall.api.client.ItemClient          : [ItemClient#queryItemByIds] [{"id":"100001511821","name":"HMDIME 牛仔背带裤女2018秋冬新品 韩版学院风潮流百搭弹力修身补丁学生吊带长裤女 AXNZ369 深蓝 30","price":13700,"stock":9995,"image":"https://m.360buyimg.com/mobilecms/s720x720_jfs/t30892/263/313055374/557791/c98e9abc/5bef811aN036f7c3b.jpg!q70.jpg.webp","category":"牛仔裤","brand":"HMDIME","spec":"{\"颜色\": \"蓝色\", \"尺码\": \"30\"}","sold":0,"commentCount":0,"isAD":false,"status":1}]
15:30:46:651 DEBUG 14204 --- [http-nio-8082-exec-6] com.hmall.api.client.ItemClient          : [ItemClient#queryItemByIds] <--- END HTTP (459-byte body)
15:30:47:893 DEBUG 14204 --- [http-nio-8082-exec-7] c.h.cart.mapper.CartMapper.selectList    : ==>  Preparing: SELECT id,user_id,item_id,num,name,spec,price,image,create_time,update_time FROM cart WHERE (user_id = ?)
15:30:47:895 DEBUG 14204 --- [http-nio-8082-exec-7] c.h.cart.mapper.CartMapper.selectList    : ==> Parameters: 1(Long)
15:30:47:923 DEBUG 14204 --- [http-nio-8082-exec-7] c.h.cart.mapper.CartMapper.selectList    : <==      Total: 1
15:30:47:928 DEBUG 14204 --- [http-nio-8082-exec-7] com.hmall.api.client.ItemClient          : [ItemClient#queryItemByIds] ---> GET http://item-service/items?ids=100001511821 HTTP/1.1
15:30:47:928 DEBUG 14204 --- [http-nio-8082-exec-7] com.hmall.api.client.ItemClient          : [ItemClient#queryItemByIds] user-info: 1
15:30:47:928 DEBUG 14204 --- [http-nio-8082-exec-7] com.hmall.api.client.ItemClient          : [ItemClient#queryItemByIds] ---> END HTTP (0-byte body)
15:30:48:017 DEBUG 14204 --- [http-nio-8082-exec-7] com.hmall.api.client.ItemClient          : [ItemClient#queryItemByIds] <--- HTTP/1.1 200 (88ms)
15:30:48:017 DEBUG 14204 --- [http-nio-8082-exec-7] com.hmall.api.client.ItemClient          : [ItemClient#queryItemByIds] connection: keep-alive
15:30:48:018 DEBUG 14204 --- [http-nio-8082-exec-7] com.hmall.api.client.ItemClient          : [ItemClient#queryItemByIds] content-type: application/json
15:30:48:018 DEBUG 14204 --- [http-nio-8082-exec-7] com.hmall.api.client.ItemClient          : [ItemClient#queryItemByIds] date: Tue, 27 Feb 2024 07:30:48 GMT
15:30:48:018 DEBUG 14204 --- [http-nio-8082-exec-7] com.hmall.api.client.ItemClient          : [ItemClient#queryItemByIds] keep-alive: timeout=60
15:30:48:018 DEBUG 14204 --- [http-nio-8082-exec-7] com.hmall.api.client.ItemClient          : [ItemClient#queryItemByIds] transfer-encoding: chunked
15:30:48:018 DEBUG 14204 --- [http-nio-8082-exec-7] com.hmall.api.client.ItemClient          : [ItemClient#queryItemByIds] 
15:30:48:019 DEBUG 14204 --- [http-nio-8082-exec-7] com.hmall.api.client.ItemClient          : [ItemClient#queryItemByIds] [{"id":"100001511821","name":"HMDIME 牛仔背带裤女2018秋冬新品 韩版学院风潮流百搭弹力修身补丁学生吊带长裤女 AXNZ369 深蓝 30","price":13700,"stock":9995,"image":"https://m.360buyimg.com/mobilecms/s720x720_jfs/t30892/263/313055374/557791/c98e9abc/5bef811aN036f7c3b.jpg!q70.jpg.webp","category":"牛仔裤","brand":"HMDIME","spec":"{\"颜色\": \"蓝色\", \"尺码\": \"30\"}","sold":0,"commentCount":0,"isAD":false,"status":1}]
15:30:48:019 DEBUG 14204 --- [http-nio-8082-exec-7] com.hmall.api.client.ItemClient          : [ItemClient#queryItemByIds] <--- END HTTP (459-byte body)
15:30:58:781 DEBUG 14204 --- [http-nio-8082-exec-8] com.hmall.cart.mapper.CartMapper.delete  : ==>  Preparing: DELETE FROM cart WHERE (user_id = ? AND item_id IN (?))
15:30:58:784 DEBUG 14204 --- [http-nio-8082-exec-8] com.hmall.cart.mapper.CartMapper.delete  : ==> Parameters: 1(Long), 100001511821(Long)
15:30:58:837 DEBUG 14204 --- [http-nio-8082-exec-8] com.hmall.cart.mapper.CartMapper.delete  : <==    Updates: 1
15:31:38:004 DEBUG 14204 --- [http-nio-8082-exec-5] com.hmall.cart.mapper.CartMapper.delete  : ==>  Preparing: DELETE FROM cart WHERE (user_id = ? AND item_id IN (?))
15:31:38:004 DEBUG 14204 --- [http-nio-8082-exec-5] com.hmall.cart.mapper.CartMapper.delete  : ==> Parameters: 1(Long), 100001511821(Long)
15:31:38:093 DEBUG 14204 --- [http-nio-8082-exec-5] com.hmall.cart.mapper.CartMapper.delete  : <==    Updates: 0
15:31:47:483 DEBUG 14204 --- [http-nio-8082-exec-2] c.h.cart.mapper.CartMapper.selectList    : ==>  Preparing: SELECT id,user_id,item_id,num,name,spec,price,image,create_time,update_time FROM cart WHERE (user_id = ?)
15:31:47:484 DEBUG 14204 --- [http-nio-8082-exec-2] c.h.cart.mapper.CartMapper.selectList    : ==> Parameters: 1(Long)
15:31:47:504 DEBUG 14204 --- [http-nio-8082-exec-2] c.h.cart.mapper.CartMapper.selectList    : <==      Total: 0
15:31:54:095  WARN 14204 --- [Thread-2] c.a.n.common.http.HttpClientBeanHolder   : [HttpClientBeanHolder] Start destroying common HttpClient
15:31:54:095  WARN 14204 --- [Thread-7] c.a.nacos.common.notify.NotifyCenter     : [NotifyCenter] Start destroying Publisher
15:31:54:096  WARN 14204 --- [Thread-7] c.a.nacos.common.notify.NotifyCenter     : [NotifyCenter] Destruction of the end
15:31:54:097  WARN 14204 --- [Thread-2] c.a.n.common.http.HttpClientBeanHolder   : [HttpClientBeanHolder] Destruction of the end
15:31:54:276  INFO 14204 --- [SpringApplicationShutdownHook] c.a.c.n.registry.NacosServiceRegistry    : De-registering from Nacos Server now...
15:31:54:293  INFO 14204 --- [SpringApplicationShutdownHook] c.a.c.n.registry.NacosServiceRegistry    : De-registration finished.
15:31:54:626  INFO 14204 --- [SpringApplicationShutdownHook] com.alibaba.nacos.common.remote.client   : Shutdown rpc client, set status to shutdown
15:31:54:626  INFO 14204 --- [SpringApplicationShutdownHook] com.alibaba.nacos.common.remote.client   : Shutdown client event executor java.util.concurrent.ScheduledThreadPoolExecutor@16fcf8ba[Running, pool size = 2, active threads = 2, queued tasks = 0, completed tasks = 0]
15:31:54:626  INFO 14204 --- [SpringApplicationShutdownHook] com.alibaba.nacos.common.remote.client   : Close current connection 1709018975361_115.214.65.195_16153
15:31:54:629  INFO 14204 --- [SpringApplicationShutdownHook] c.a.n.c.remote.client.grpc.GrpcClient    : Shutdown grpc executor java.util.concurrent.ThreadPoolExecutor@21fd9064[Running, pool size = 4, active threads = 0, queued tasks = 0, completed tasks = 41]
15:31:54:631  INFO 14204 --- [SpringApplicationShutdownHook] com.zaxxer.hikari.HikariDataSource       : HikariPool-1 - Shutdown initiated...
15:31:54:857  INFO 14204 --- [SpringApplicationShutdownHook] com.zaxxer.hikari.HikariDataSource       : HikariPool-1 - Shutdown completed.
